07/01/2021 15:15:15,61 - CLEAR - INICIO 
07/01/2021 15:15:15,72 - CLEAR - INFORMACAO - Executando clear da pasta \log 
Arquivo excluído - C:\diego.seronato\ProjectBuilder\log\ANGULAR_BUILD_PROD.log
Arquivo excluído - C:\diego.seronato\ProjectBuilder\log\BUILDER.log
C:\diego.seronato\ProjectBuilder\log\CLEAR.log
O arquivo já está sendo usado por outro processo.
Arquivo excluído - C:\diego.seronato\ProjectBuilder\log\fechamentosrem.log
Arquivo excluído - C:\diego.seronato\ProjectBuilder\log\GERA_PACOTE.log
Arquivo excluído - C:\diego.seronato\ProjectBuilder\log\JAVA_BUILD.log
Arquivo excluído - C:\diego.seronato\ProjectBuilder\log\MOVE_ASSETS.log
07/01/2021 15:15:15,83 - CLEAR - INFORMACAO - Executando clear da pasta \tmp 
Arquivo excluído - C:\diego.seronato\ProjectBuilder\tmp\ANGULAR_BUILD_PROD.tmp
Arquivo excluído - C:\diego.seronato\ProjectBuilder\tmp\BUILDER.tmp
Arquivo excluído - C:\diego.seronato\ProjectBuilder\tmp\CLEAR.tmp
Arquivo excluído - C:\diego.seronato\ProjectBuilder\tmp\fechamentosrem.tmp
Arquivo excluído - C:\diego.seronato\ProjectBuilder\tmp\GERA_PACOTE.tmp
Arquivo excluído - C:\diego.seronato\ProjectBuilder\tmp\JAVA_BUILD.tmp
Arquivo excluído - C:\diego.seronato\ProjectBuilder\tmp\MOVE_ASSETS.tmp
07/01/2021 15:15:15,94 - CLEAR - INFORMACAO - Executando clear da pasta \entrega 
Arquivo excluído - C:\diego.seronato\ProjectBuilder\entrega\conppwPadraoC9.ear
Arquivo excluído - C:\diego.seronato\ProjectBuilder\entrega\assets\aceite-acordo.umd.js.map
Arquivo excluído - C:\diego.seronato\ProjectBuilder\entrega\assets\appconfig.json
Arquivo excluído - C:\diego.seronato\ProjectBuilder\entrega\assets\bureau.umd.js.map
Arquivo excluído - C:\diego.seronato\ProjectBuilder\entrega\assets\configurador-dw.umd.js.map
Arquivo excluído - C:\diego.seronato\ProjectBuilder\entrega\assets\constants.ts
Arquivo excluído - C:\diego.seronato\ProjectBuilder\entrega\assets\criteriosrem.umd.js.map
Arquivo excluído - C:\diego.seronato\ProjectBuilder\entrega\assets\empresa-bureau.umd.js.map
Arquivo excluído - C:\diego.seronato\ProjectBuilder\entrega\assets\empresas.umd.js.map
Arquivo excluído - C:\diego.seronato\ProjectBuilder\entrega\assets\external-aceite-acordo.js
Arquivo excluído - C:\diego.seronato\ProjectBuilder\entrega\assets\external-bureau.js
Arquivo excluído - C:\diego.seronato\ProjectBuilder\entrega\assets\external-configurador-dw.js
Arquivo excluído - C:\diego.seronato\ProjectBuilder\entrega\assets\external-criteriosrem.js
Arquivo excluído - C:\diego.seronato\ProjectBuilder\entrega\assets\external-empresa-bureau.js
Arquivo excluído - C:\diego.seronato\ProjectBuilder\entrega\assets\external-empresas.js
Arquivo excluído - C:\diego.seronato\ProjectBuilder\entrega\assets\external-extrator-web.js
Arquivo excluído - C:\diego.seronato\ProjectBuilder\entrega\assets\external-fasecobranca.js
Arquivo excluído - C:\diego.seronato\ProjectBuilder\entrega\assets\external-fechamentosrem.js
Arquivo excluído - C:\diego.seronato\ProjectBuilder\entrega\assets\external-historico.js
Arquivo excluído - C:\diego.seronato\ProjectBuilder\entrega\assets\external-politica.js
Arquivo excluído - C:\diego.seronato\ProjectBuilder\entrega\assets\external-updownload.js
Arquivo excluído - C:\diego.seronato\ProjectBuilder\entrega\assets\extrator-web.umd.js.map
Arquivo excluído - C:\diego.seronato\ProjectBuilder\entrega\assets\fasecobranca.umd.js.map
Arquivo excluído - C:\diego.seronato\ProjectBuilder\entrega\assets\fechamentosrem.umd.js.map
Arquivo excluído - C:\diego.seronato\ProjectBuilder\entrega\assets\historico.umd.js.map
Arquivo excluído - C:\diego.seronato\ProjectBuilder\entrega\assets\modules.json
Arquivo excluído - C:\diego.seronato\ProjectBuilder\entrega\assets\politica.umd.js.map
Arquivo excluído - C:\diego.seronato\ProjectBuilder\entrega\assets\updownload.umd.js.map
Arquivo excluído - C:\diego.seronato\ProjectBuilder\entrega\assets\caseinfo\caseDetail.json
Arquivo excluído - C:\diego.seronato\ProjectBuilder\entrega\assets\caseinfo\enGBCaseDetail.json
Arquivo excluído - C:\diego.seronato\ProjectBuilder\entrega\assets\caseinfo\enUSCaseDetail.json
Arquivo excluído - C:\diego.seronato\ProjectBuilder\entrega\assets\caseinfo\ptBRCaseDetail.json
Arquivo excluído - C:\diego.seronato\ProjectBuilder\entrega\assets\caseinfo\spMXCaseDetail.json
Arquivo excluído - C:\diego.seronato\ProjectBuilder\entrega\assets\ckeditor\build-config.js
Arquivo excluído - C:\diego.seronato\ProjectBuilder\entrega\assets\ckeditor\CHANGES.md
Arquivo excluído - C:\diego.seronato\ProjectBuilder\entrega\assets\ckeditor\ckeditor.js
Arquivo excluído - C:\diego.seronato\ProjectBuilder\entrega\assets\ckeditor\config.js
Arquivo excluído - C:\diego.seronato\ProjectBuilder\entrega\assets\ckeditor\contents.css
Arquivo excluído - C:\diego.seronato\ProjectBuilder\entrega\assets\ckeditor\imgurl.json
Arquivo excluído - C:\diego.seronato\ProjectBuilder\entrega\assets\ckeditor\LICENSE.md
Arquivo excluído - C:\diego.seronato\ProjectBuilder\entrega\assets\ckeditor\README.md
Arquivo excluído - C:\diego.seronato\ProjectBuilder\entrega\assets\ckeditor\styles.js
Arquivo excluído - C:\diego.seronato\ProjectBuilder\entrega\assets\ckeditor\adapters\jquery.js
Arquivo excluído - C:\diego.seronato\ProjectBuilder\entrega\assets\ckeditor\lang\af.js
Arquivo excluído - C:\diego.seronato\ProjectBuilder\entrega\assets\ckeditor\lang\ar.js
Arquivo excluído - C:\diego.seronato\ProjectBuilder\entrega\assets\ckeditor\lang\az.js
Arquivo excluído - C:\diego.seronato\ProjectBuilder\entrega\assets\ckeditor\lang\bg.js
Arquivo excluído - C:\diego.seronato\ProjectBuilder\entrega\assets\ckeditor\lang\bn.js
Arquivo excluído - C:\diego.seronato\ProjectBuilder\entrega\assets\ckeditor\lang\bs.js
Arquivo excluído - C:\diego.seronato\ProjectBuilder\entrega\assets\ckeditor\lang\ca.js
Arquivo excluído - C:\diego.seronato\ProjectBuilder\entrega\assets\ckeditor\lang\cs.js
Arquivo excluído - C:\diego.seronato\ProjectBuilder\entrega\assets\ckeditor\lang\cy.js
Arquivo excluído - C:\diego.seronato\ProjectBuilder\entrega\assets\ckeditor\lang\da.js
Arquivo excluído - C:\diego.seronato\ProjectBuilder\entrega\assets\ckeditor\lang\de-ch.js
Arquivo excluído - C:\diego.seronato\ProjectBuilder\entrega\assets\ckeditor\lang\de.js
Arquivo excluído - C:\diego.seronato\ProjectBuilder\entrega\assets\ckeditor\lang\el.js
Arquivo excluído - C:\diego.seronato\ProjectBuilder\entrega\assets\ckeditor\lang\en-au.js
Arquivo excluído - C:\diego.seronato\ProjectBuilder\entrega\assets\ckeditor\lang\en-ca.js
Arquivo excluído - C:\diego.seronato\ProjectBuilder\entrega\assets\ckeditor\lang\en-gb.js
Arquivo excluído - C:\diego.seronato\ProjectBuilder\entrega\assets\ckeditor\lang\en.js
Arquivo excluído - C:\diego.seronato\ProjectBuilder\entrega\assets\ckeditor\lang\eo.js
Arquivo excluído - C:\diego.seronato\ProjectBuilder\entrega\assets\ckeditor\lang\es-mx.js
Arquivo excluído - C:\diego.seronato\ProjectBuilder\entrega\assets\ckeditor\lang\es.js
Arquivo excluído - C:\diego.seronato\ProjectBuilder\entrega\assets\ckeditor\lang\et.js
Arquivo excluído - C:\diego.seronato\ProjectBuilder\entrega\assets\ckeditor\lang\eu.js
Arquivo excluído - C:\diego.seronato\ProjectBuilder\entrega\assets\ckeditor\lang\fa.js
Arquivo excluído - C:\diego.seronato\ProjectBuilder\entrega\assets\ckeditor\lang\fi.js
Arquivo excluído - C:\diego.seronato\ProjectBuilder\entrega\assets\ckeditor\lang\fo.js
Arquivo excluído - C:\diego.seronato\ProjectBuilder\entrega\assets\ckeditor\lang\fr-ca.js
Arquivo excluído - C:\diego.seronato\ProjectBuilder\entrega\assets\ckeditor\lang\fr.js
Arquivo excluído - C:\diego.seronato\ProjectBuilder\entrega\assets\ckeditor\lang\gl.js
Arquivo excluído - C:\diego.seronato\ProjectBuilder\entrega\assets\ckeditor\lang\gu.js
Arquivo excluído - C:\diego.seronato\ProjectBuilder\entrega\assets\ckeditor\lang\he.js
Arquivo excluído - C:\diego.seronato\ProjectBuilder\entrega\assets\ckeditor\lang\hi.js
Arquivo excluído - C:\diego.seronato\ProjectBuilder\entrega\assets\ckeditor\lang\hr.js
Arquivo excluído - C:\diego.seronato\ProjectBuilder\entrega\assets\ckeditor\lang\hu.js
Arquivo excluído - C:\diego.seronato\ProjectBuilder\entrega\assets\ckeditor\lang\id.js
Arquivo excluído - C:\diego.seronato\ProjectBuilder\entrega\assets\ckeditor\lang\is.js
Arquivo excluído - C:\diego.seronato\ProjectBuilder\entrega\assets\ckeditor\lang\it.js
Arquivo excluído - C:\diego.seronato\ProjectBuilder\entrega\assets\ckeditor\lang\ja.js
Arquivo excluído - C:\diego.seronato\ProjectBuilder\entrega\assets\ckeditor\lang\ka.js
Arquivo excluído - C:\diego.seronato\ProjectBuilder\entrega\assets\ckeditor\lang\km.js
Arquivo excluído - C:\diego.seronato\ProjectBuilder\entrega\assets\ckeditor\lang\ko.js
Arquivo excluído - C:\diego.seronato\ProjectBuilder\entrega\assets\ckeditor\lang\ku.js
Arquivo excluído - C:\diego.seronato\ProjectBuilder\entrega\assets\ckeditor\lang\lt.js
Arquivo excluído - C:\diego.seronato\ProjectBuilder\entrega\assets\ckeditor\lang\lv.js
Arquivo excluído - C:\diego.seronato\ProjectBuilder\entrega\assets\ckeditor\lang\mk.js
Arquivo excluído - C:\diego.seronato\ProjectBuilder\entrega\assets\ckeditor\lang\mn.js
Arquivo excluído - C:\diego.seronato\ProjectBuilder\entrega\assets\ckeditor\lang\ms.js
Arquivo excluído - C:\diego.seronato\ProjectBuilder\entrega\assets\ckeditor\lang\nb.js
Arquivo excluído - C:\diego.seronato\ProjectBuilder\entrega\assets\ckeditor\lang\nl.js
Arquivo excluído - C:\diego.seronato\ProjectBuilder\entrega\assets\ckeditor\lang\no.js
Arquivo excluído - C:\diego.seronato\ProjectBuilder\entrega\assets\ckeditor\lang\oc.js
Arquivo excluído - C:\diego.seronato\ProjectBuilder\entrega\assets\ckeditor\lang\pl.js
Arquivo excluído - C:\diego.seronato\ProjectBuilder\entrega\assets\ckeditor\lang\pt-br.js
Arquivo excluído - C:\diego.seronato\ProjectBuilder\entrega\assets\ckeditor\lang\pt.js
Arquivo excluído - C:\diego.seronato\ProjectBuilder\entrega\assets\ckeditor\lang\ro.js
Arquivo excluído - C:\diego.seronato\ProjectBuilder\entrega\assets\ckeditor\lang\ru.js
Arquivo excluído - C:\diego.seronato\ProjectBuilder\entrega\assets\ckeditor\lang\si.js
Arquivo excluído - C:\diego.seronato\ProjectBuilder\entrega\assets\ckeditor\lang\sk.js
Arquivo excluído - C:\diego.seronato\ProjectBuilder\entrega\assets\ckeditor\lang\sl.js
Arquivo excluído - C:\diego.seronato\ProjectBuilder\entrega\assets\ckeditor\lang\sq.js
Arquivo excluído - C:\diego.seronato\ProjectBuilder\entrega\assets\ckeditor\lang\sr-latn.js
Arquivo excluído - C:\diego.seronato\ProjectBuilder\entrega\assets\ckeditor\lang\sr.js
Arquivo excluído - C:\diego.seronato\ProjectBuilder\entrega\assets\ckeditor\lang\sv.js
Arquivo excluído - C:\diego.seronato\ProjectBuilder\entrega\assets\ckeditor\lang\th.js
Arquivo excluído - C:\diego.seronato\ProjectBuilder\entrega\assets\ckeditor\lang\tr.js
Arquivo excluído - C:\diego.seronato\ProjectBuilder\entrega\assets\ckeditor\lang\tt.js
Arquivo excluído - C:\diego.seronato\ProjectBuilder\entrega\assets\ckeditor\lang\ug.js
Arquivo excluído - C:\diego.seronato\ProjectBuilder\entrega\assets\ckeditor\lang\uk.js
Arquivo excluído - C:\diego.seronato\ProjectBuilder\entrega\assets\ckeditor\lang\vi.js
Arquivo excluído - C:\diego.seronato\ProjectBuilder\entrega\assets\ckeditor\lang\zh-cn.js
Arquivo excluído - C:\diego.seronato\ProjectBuilder\entrega\assets\ckeditor\lang\zh.js
Arquivo excluído - C:\diego.seronato\ProjectBuilder\entrega\assets\ckeditor\plugins\icons.png
Arquivo excluído - C:\diego.seronato\ProjectBuilder\entrega\assets\ckeditor\plugins\icons_hidpi.png
Arquivo excluído - C:\diego.seronato\ProjectBuilder\entrega\assets\ckeditor\plugins\a11yhelp\dialogs\a11yhelp.js
Arquivo excluído - C:\diego.seronato\ProjectBuilder\entrega\assets\ckeditor\plugins\a11yhelp\dialogs\lang\af.js
Arquivo excluído - C:\diego.seronato\ProjectBuilder\entrega\assets\ckeditor\plugins\a11yhelp\dialogs\lang\ar.js
Arquivo excluído - C:\diego.seronato\ProjectBuilder\entrega\assets\ckeditor\plugins\a11yhelp\dialogs\lang\az.js
Arquivo excluído - C:\diego.seronato\ProjectBuilder\entrega\assets\ckeditor\plugins\a11yhelp\dialogs\lang\bg.js
Arquivo excluído - C:\diego.seronato\ProjectBuilder\entrega\assets\ckeditor\plugins\a11yhelp\dialogs\lang\ca.js
Arquivo excluído - C:\diego.seronato\ProjectBuilder\entrega\assets\ckeditor\plugins\a11yhelp\dialogs\lang\cs.js
Arquivo excluído - C:\diego.seronato\ProjectBuilder\entrega\assets\ckeditor\plugins\a11yhelp\dialogs\lang\cy.js
Arquivo excluído - C:\diego.seronato\ProjectBuilder\entrega\assets\ckeditor\plugins\a11yhelp\dialogs\lang\da.js
Arquivo excluído - C:\diego.seronato\ProjectBuilder\entrega\assets\ckeditor\plugins\a11yhelp\dialogs\lang\de-ch.js
Arquivo excluído - C:\diego.seronato\ProjectBuilder\entrega\assets\ckeditor\plugins\a11yhelp\dialogs\lang\de.js
Arquivo excluído - C:\diego.seronato\ProjectBuilder\entrega\assets\ckeditor\plugins\a11yhelp\dialogs\lang\el.js
Arquivo excluído - C:\diego.seronato\ProjectBuilder\entrega\assets\ckeditor\plugins\a11yhelp\dialogs\lang\en-au.js
Arquivo excluído - C:\diego.seronato\ProjectBuilder\entrega\assets\ckeditor\plugins\a11yhelp\dialogs\lang\en-gb.js
Arquivo excluído - C:\diego.seronato\ProjectBuilder\entrega\assets\ckeditor\plugins\a11yhelp\dialogs\lang\en.js
Arquivo excluído - C:\diego.seronato\ProjectBuilder\entrega\assets\ckeditor\plugins\a11yhelp\dialogs\lang\eo.js
Arquivo excluído - C:\diego.seronato\ProjectBuilder\entrega\assets\ckeditor\plugins\a11yhelp\dialogs\lang\es-mx.js
Arquivo excluído - C:\diego.seronato\ProjectBuilder\entrega\assets\ckeditor\plugins\a11yhelp\dialogs\lang\es.js
Arquivo excluído - C:\diego.seronato\ProjectBuilder\entrega\assets\ckeditor\plugins\a11yhelp\dialogs\lang\et.js
Arquivo excluído - C:\diego.seronato\ProjectBuilder\entrega\assets\ckeditor\plugins\a11yhelp\dialogs\lang\eu.js
Arquivo excluído - C:\diego.seronato\ProjectBuilder\entrega\assets\ckeditor\plugins\a11yhelp\dialogs\lang\fa.js
Arquivo excluído - C:\diego.seronato\ProjectBuilder\entrega\assets\ckeditor\plugins\a11yhelp\dialogs\lang\fi.js
Arquivo excluído - C:\diego.seronato\ProjectBuilder\entrega\assets\ckeditor\plugins\a11yhelp\dialogs\lang\fo.js
Arquivo excluído - C:\diego.seronato\ProjectBuilder\entrega\assets\ckeditor\plugins\a11yhelp\dialogs\lang\fr-ca.js
Arquivo excluído - C:\diego.seronato\ProjectBuilder\entrega\assets\ckeditor\plugins\a11yhelp\dialogs\lang\fr.js
Arquivo excluído - C:\diego.seronato\ProjectBuilder\entrega\assets\ckeditor\plugins\a11yhelp\dialogs\lang\gl.js
Arquivo excluído - C:\diego.seronato\ProjectBuilder\entrega\assets\ckeditor\plugins\a11yhelp\dialogs\lang\gu.js
Arquivo excluído - C:\diego.seronato\ProjectBuilder\entrega\assets\ckeditor\plugins\a11yhelp\dialogs\lang\he.js
Arquivo excluído - C:\diego.seronato\ProjectBuilder\entrega\assets\ckeditor\plugins\a11yhelp\dialogs\lang\hi.js
Arquivo excluído - C:\diego.seronato\ProjectBuilder\entrega\assets\ckeditor\plugins\a11yhelp\dialogs\lang\hr.js
Arquivo excluído - C:\diego.seronato\ProjectBuilder\entrega\assets\ckeditor\plugins\a11yhelp\dialogs\lang\hu.js
Arquivo excluído - C:\diego.seronato\ProjectBuilder\entrega\assets\ckeditor\plugins\a11yhelp\dialogs\lang\id.js
Arquivo excluído - C:\diego.seronato\ProjectBuilder\entrega\assets\ckeditor\plugins\a11yhelp\dialogs\lang\it.js
Arquivo excluído - C:\diego.seronato\ProjectBuilder\entrega\assets\ckeditor\plugins\a11yhelp\dialogs\lang\ja.js
Arquivo excluído - C:\diego.seronato\ProjectBuilder\entrega\assets\ckeditor\plugins\a11yhelp\dialogs\lang\km.js
Arquivo excluído - C:\diego.seronato\ProjectBuilder\entrega\assets\ckeditor\plugins\a11yhelp\dialogs\lang\ko.js
Arquivo excluído - C:\diego.seronato\ProjectBuilder\entrega\assets\ckeditor\plugins\a11yhelp\dialogs\lang\ku.js
Arquivo excluído - C:\diego.seronato\ProjectBuilder\entrega\assets\ckeditor\plugins\a11yhelp\dialogs\lang\lt.js
Arquivo excluído - C:\diego.seronato\ProjectBuilder\entrega\assets\ckeditor\plugins\a11yhelp\dialogs\lang\lv.js
Arquivo excluído - C:\diego.seronato\ProjectBuilder\entrega\assets\ckeditor\plugins\a11yhelp\dialogs\lang\mk.js
Arquivo excluído - C:\diego.seronato\ProjectBuilder\entrega\assets\ckeditor\plugins\a11yhelp\dialogs\lang\mn.js
Arquivo excluído - C:\diego.seronato\ProjectBuilder\entrega\assets\ckeditor\plugins\a11yhelp\dialogs\lang\nb.js
Arquivo excluído - C:\diego.seronato\ProjectBuilder\entrega\assets\ckeditor\plugins\a11yhelp\dialogs\lang\nl.js
Arquivo excluído - C:\diego.seronato\ProjectBuilder\entrega\assets\ckeditor\plugins\a11yhelp\dialogs\lang\no.js
Arquivo excluído - C:\diego.seronato\ProjectBuilder\entrega\assets\ckeditor\plugins\a11yhelp\dialogs\lang\oc.js
Arquivo excluído - C:\diego.seronato\ProjectBuilder\entrega\assets\ckeditor\plugins\a11yhelp\dialogs\lang\pl.js
Arquivo excluído - C:\diego.seronato\ProjectBuilder\entrega\assets\ckeditor\plugins\a11yhelp\dialogs\lang\pt-br.js
Arquivo excluído - C:\diego.seronato\ProjectBuilder\entrega\assets\ckeditor\plugins\a11yhelp\dialogs\lang\pt.js
Arquivo excluído - C:\diego.seronato\ProjectBuilder\entrega\assets\ckeditor\plugins\a11yhelp\dialogs\lang\ro.js
Arquivo excluído - C:\diego.seronato\ProjectBuilder\entrega\assets\ckeditor\plugins\a11yhelp\dialogs\lang\ru.js
Arquivo excluído - C:\diego.seronato\ProjectBuilder\entrega\assets\ckeditor\plugins\a11yhelp\dialogs\lang\si.js
Arquivo excluído - C:\diego.seronato\ProjectBuilder\entrega\assets\ckeditor\plugins\a11yhelp\dialogs\lang\sk.js
Arquivo excluído - C:\diego.seronato\ProjectBuilder\entrega\assets\ckeditor\plugins\a11yhelp\dialogs\lang\sl.js
Arquivo excluído - C:\diego.seronato\ProjectBuilder\entrega\assets\ckeditor\plugins\a11yhelp\dialogs\lang\sq.js
Arquivo excluído - C:\diego.seronato\ProjectBuilder\entrega\assets\ckeditor\plugins\a11yhelp\dialogs\lang\sr-latn.js
Arquivo excluído - C:\diego.seronato\ProjectBuilder\entrega\assets\ckeditor\plugins\a11yhelp\dialogs\lang\sr.js
Arquivo excluído - C:\diego.seronato\ProjectBuilder\entrega\assets\ckeditor\plugins\a11yhelp\dialogs\lang\sv.js
Arquivo excluído - C:\diego.seronato\ProjectBuilder\entrega\assets\ckeditor\plugins\a11yhelp\dialogs\lang\th.js
Arquivo excluído - C:\diego.seronato\ProjectBuilder\entrega\assets\ckeditor\plugins\a11yhelp\dialogs\lang\tr.js
Arquivo excluído - C:\diego.seronato\ProjectBuilder\entrega\assets\ckeditor\plugins\a11yhelp\dialogs\lang\tt.js
Arquivo excluído - C:\diego.seronato\ProjectBuilder\entrega\assets\ckeditor\plugins\a11yhelp\dialogs\lang\ug.js
Arquivo excluído - C:\diego.seronato\ProjectBuilder\entrega\assets\ckeditor\plugins\a11yhelp\dialogs\lang\uk.js
Arquivo excluído - C:\diego.seronato\ProjectBuilder\entrega\assets\ckeditor\plugins\a11yhelp\dialogs\lang\vi.js
Arquivo excluído - C:\diego.seronato\ProjectBuilder\entrega\assets\ckeditor\plugins\a11yhelp\dialogs\lang\zh-cn.js
Arquivo excluído - C:\diego.seronato\ProjectBuilder\entrega\assets\ckeditor\plugins\a11yhelp\dialogs\lang\zh.js
Arquivo excluído - C:\diego.seronato\ProjectBuilder\entrega\assets\ckeditor\plugins\a11yhelp\dialogs\lang\_translationstatus.txt
Arquivo excluído - C:\diego.seronato\ProjectBuilder\entrega\assets\ckeditor\plugins\about\dialogs\about.js
Arquivo excluído - C:\diego.seronato\ProjectBuilder\entrega\assets\ckeditor\plugins\about\dialogs\logo_ckeditor.png
Arquivo excluído - C:\diego.seronato\ProjectBuilder\entrega\assets\ckeditor\plugins\about\dialogs\hidpi\logo_ckeditor.png
Arquivo excluído - C:\diego.seronato\ProjectBuilder\entrega\assets\ckeditor\plugins\balloonpanel\plugin.js
Arquivo excluído - C:\diego.seronato\ProjectBuilder\entrega\assets\ckeditor\plugins\balloonpanel\skins\kama\balloonpanel.css
Arquivo excluído - C:\diego.seronato\ProjectBuilder\entrega\assets\ckeditor\plugins\balloonpanel\skins\moono\balloonpanel.css
Arquivo excluído - C:\diego.seronato\ProjectBuilder\entrega\assets\ckeditor\plugins\balloonpanel\skins\moono\images\close.png
Arquivo excluído - C:\diego.seronato\ProjectBuilder\entrega\assets\ckeditor\plugins\balloonpanel\skins\moono\images\hidpi\close.png
Arquivo excluído - C:\diego.seronato\ProjectBuilder\entrega\assets\ckeditor\plugins\balloonpanel\skins\moono-lisa\balloonpanel.css
Arquivo excluído - C:\diego.seronato\ProjectBuilder\entrega\assets\ckeditor\plugins\balloonpanel\skins\moono-lisa\images\close.png
Arquivo excluído - C:\diego.seronato\ProjectBuilder\entrega\assets\ckeditor\plugins\balloonpanel\skins\moono-lisa\images\hidpi\close.png
Arquivo excluído - C:\diego.seronato\ProjectBuilder\entrega\assets\ckeditor\plugins\balloontoolbar\plugin.js
Arquivo excluído - C:\diego.seronato\ProjectBuilder\entrega\assets\ckeditor\plugins\balloontoolbar\skins\default.css
Arquivo excluído - C:\diego.seronato\ProjectBuilder\entrega\assets\ckeditor\plugins\balloontoolbar\skins\kama\balloontoolbar.css
Arquivo excluído - C:\diego.seronato\ProjectBuilder\entrega\assets\ckeditor\plugins\balloontoolbar\skins\moono\balloontoolbar.css
Arquivo excluído - C:\diego.seronato\ProjectBuilder\entrega\assets\ckeditor\plugins\balloontoolbar\skins\moono-lisa\balloontoolbar.css
Arquivo excluído - C:\diego.seronato\ProjectBuilder\entrega\assets\ckeditor\plugins\base64image\LICENSE.md
Arquivo excluído - C:\diego.seronato\ProjectBuilder\entrega\assets\ckeditor\plugins\base64image\plugin.js
Arquivo excluído - C:\diego.seronato\ProjectBuilder\entrega\assets\ckeditor\plugins\base64image\README.md
Arquivo excluído - C:\diego.seronato\ProjectBuilder\entrega\assets\ckeditor\plugins\base64image\dialogs\base64image.js
Arquivo excluído - C:\diego.seronato\ProjectBuilder\entrega\assets\ckeditor\plugins\base64image\icons\base64image.png
Arquivo excluído - C:\diego.seronato\ProjectBuilder\entrega\assets\ckeditor\plugins\base64image\icons\hidpi\base64image.png
Arquivo excluído - C:\diego.seronato\ProjectBuilder\entrega\assets\ckeditor\plugins\base64image\lang\af.js
Arquivo excluído - C:\diego.seronato\ProjectBuilder\entrega\assets\ckeditor\plugins\base64image\lang\ar.js
Arquivo excluído - C:\diego.seronato\ProjectBuilder\entrega\assets\ckeditor\plugins\base64image\lang\bg.js
Arquivo excluído - C:\diego.seronato\ProjectBuilder\entrega\assets\ckeditor\plugins\base64image\lang\bn.js
Arquivo excluído - C:\diego.seronato\ProjectBuilder\entrega\assets\ckeditor\plugins\base64image\lang\bs.js
Arquivo excluído - C:\diego.seronato\ProjectBuilder\entrega\assets\ckeditor\plugins\base64image\lang\ca.js
Arquivo excluído - C:\diego.seronato\ProjectBuilder\entrega\assets\ckeditor\plugins\base64image\lang\cs.js
Arquivo excluído - C:\diego.seronato\ProjectBuilder\entrega\assets\ckeditor\plugins\base64image\lang\cy.js
Arquivo excluído - C:\diego.seronato\ProjectBuilder\entrega\assets\ckeditor\plugins\base64image\lang\da.js
Arquivo excluído - C:\diego.seronato\ProjectBuilder\entrega\assets\ckeditor\plugins\base64image\lang\de.js
Arquivo excluído - C:\diego.seronato\ProjectBuilder\entrega\assets\ckeditor\plugins\base64image\lang\el.js
Arquivo excluído - C:\diego.seronato\ProjectBuilder\entrega\assets\ckeditor\plugins\base64image\lang\en-au.js
Arquivo excluído - C:\diego.seronato\ProjectBuilder\entrega\assets\ckeditor\plugins\base64image\lang\en-ca.js
Arquivo excluído - C:\diego.seronato\ProjectBuilder\entrega\assets\ckeditor\plugins\base64image\lang\en-gb.js
Arquivo excluído - C:\diego.seronato\ProjectBuilder\entrega\assets\ckeditor\plugins\base64image\lang\en.js
Arquivo excluído - C:\diego.seronato\ProjectBuilder\entrega\assets\ckeditor\plugins\base64image\lang\eo.js
Arquivo excluído - C:\diego.seronato\ProjectBuilder\entrega\assets\ckeditor\plugins\base64image\lang\es.js
Arquivo excluído - C:\diego.seronato\ProjectBuilder\entrega\assets\ckeditor\plugins\base64image\lang\et.js
Arquivo excluído - C:\diego.seronato\ProjectBuilder\entrega\assets\ckeditor\plugins\base64image\lang\eu.js
Arquivo excluído - C:\diego.seronato\ProjectBuilder\entrega\assets\ckeditor\plugins\base64image\lang\fa.js
Arquivo excluído - C:\diego.seronato\ProjectBuilder\entrega\assets\ckeditor\plugins\base64image\lang\fi.js
Arquivo excluído - C:\diego.seronato\ProjectBuilder\entrega\assets\ckeditor\plugins\base64image\lang\fo.js
Arquivo excluído - C:\diego.seronato\ProjectBuilder\entrega\assets\ckeditor\plugins\base64image\lang\fr-ca.js
Arquivo excluído - C:\diego.seronato\ProjectBuilder\entrega\assets\ckeditor\plugins\base64image\lang\fr.js
Arquivo excluído - C:\diego.seronato\ProjectBuilder\entrega\assets\ckeditor\plugins\base64image\lang\gl.js
Arquivo excluído - C:\diego.seronato\ProjectBuilder\entrega\assets\ckeditor\plugins\base64image\lang\gu.js
Arquivo excluído - C:\diego.seronato\ProjectBuilder\entrega\assets\ckeditor\plugins\base64image\lang\he.js
Arquivo excluído - C:\diego.seronato\ProjectBuilder\entrega\assets\ckeditor\plugins\base64image\lang\hi.js
Arquivo excluído - C:\diego.seronato\ProjectBuilder\entrega\assets\ckeditor\plugins\base64image\lang\hr.js
Arquivo excluído - C:\diego.seronato\ProjectBuilder\entrega\assets\ckeditor\plugins\base64image\lang\hu.js
Arquivo excluído - C:\diego.seronato\ProjectBuilder\entrega\assets\ckeditor\plugins\base64image\lang\id.js
Arquivo excluído - C:\diego.seronato\ProjectBuilder\entrega\assets\ckeditor\plugins\base64image\lang\is.js
Arquivo excluído - C:\diego.seronato\ProjectBuilder\entrega\assets\ckeditor\plugins\base64image\lang\it.js
Arquivo excluído - C:\diego.seronato\ProjectBuilder\entrega\assets\ckeditor\plugins\base64image\lang\ja.js
Arquivo excluído - C:\diego.seronato\ProjectBuilder\entrega\assets\ckeditor\plugins\base64image\lang\ka.js
Arquivo excluído - C:\diego.seronato\ProjectBuilder\entrega\assets\ckeditor\plugins\base64image\lang\km.js
Arquivo excluído - C:\diego.seronato\ProjectBuilder\entrega\assets\ckeditor\plugins\base64image\lang\ko.js
Arquivo excluído - C:\diego.seronato\ProjectBuilder\entrega\assets\ckeditor\plugins\base64image\lang\ku.js
Arquivo excluído - C:\diego.seronato\ProjectBuilder\entrega\assets\ckeditor\plugins\base64image\lang\lt.js
Arquivo excluído - C:\diego.seronato\ProjectBuilder\entrega\assets\ckeditor\plugins\base64image\lang\lv.js
Arquivo excluído - C:\diego.seronato\ProjectBuilder\entrega\assets\ckeditor\plugins\base64image\lang\mk.js
Arquivo excluído - C:\diego.seronato\ProjectBuilder\entrega\assets\ckeditor\plugins\base64image\lang\mn.js
Arquivo excluído - C:\diego.seronato\ProjectBuilder\entrega\assets\ckeditor\plugins\base64image\lang\ms.js
Arquivo excluído - C:\diego.seronato\ProjectBuilder\entrega\assets\ckeditor\plugins\base64image\lang\nb.js
Arquivo excluído - C:\diego.seronato\ProjectBuilder\entrega\assets\ckeditor\plugins\base64image\lang\nl.js
Arquivo excluído - C:\diego.seronato\ProjectBuilder\entrega\assets\ckeditor\plugins\base64image\lang\no.js
Arquivo excluído - C:\diego.seronato\ProjectBuilder\entrega\assets\ckeditor\plugins\base64image\lang\pl.js
Arquivo excluído - C:\diego.seronato\ProjectBuilder\entrega\assets\ckeditor\plugins\base64image\lang\pt-br.js
Arquivo excluído - C:\diego.seronato\ProjectBuilder\entrega\assets\ckeditor\plugins\base64image\lang\pt.js
Arquivo excluído - C:\diego.seronato\ProjectBuilder\entrega\assets\ckeditor\plugins\base64image\lang\ro.js
Arquivo excluído - C:\diego.seronato\ProjectBuilder\entrega\assets\ckeditor\plugins\base64image\lang\ru.js
Arquivo excluído - C:\diego.seronato\ProjectBuilder\entrega\assets\ckeditor\plugins\base64image\lang\si.js
Arquivo excluído - C:\diego.seronato\ProjectBuilder\entrega\assets\ckeditor\plugins\base64image\lang\sk.js
Arquivo excluído - C:\diego.seronato\ProjectBuilder\entrega\assets\ckeditor\plugins\base64image\lang\sl.js
Arquivo excluído - C:\diego.seronato\ProjectBuilder\entrega\assets\ckeditor\plugins\base64image\lang\sq.js
Arquivo excluído - C:\diego.seronato\ProjectBuilder\entrega\assets\ckeditor\plugins\base64image\lang\sr-latn.js
Arquivo excluído - C:\diego.seronato\ProjectBuilder\entrega\assets\ckeditor\plugins\base64image\lang\sr.js
Arquivo excluído - C:\diego.seronato\ProjectBuilder\entrega\assets\ckeditor\plugins\base64image\lang\sv.js
Arquivo excluído - C:\diego.seronato\ProjectBuilder\entrega\assets\ckeditor\plugins\base64image\lang\th.js
Arquivo excluído - C:\diego.seronato\ProjectBuilder\entrega\assets\ckeditor\plugins\base64image\lang\tr.js
Arquivo excluído - C:\diego.seronato\ProjectBuilder\entrega\assets\ckeditor\plugins\base64image\lang\ug.js
Arquivo excluído - C:\diego.seronato\ProjectBuilder\entrega\assets\ckeditor\plugins\base64image\lang\uk.js
Arquivo excluído - C:\diego.seronato\ProjectBuilder\entrega\assets\ckeditor\plugins\base64image\lang\vi.js
Arquivo excluído - C:\diego.seronato\ProjectBuilder\entrega\assets\ckeditor\plugins\base64image\lang\zh-cn.js
Arquivo excluído - C:\diego.seronato\ProjectBuilder\entrega\assets\ckeditor\plugins\base64image\lang\zh.js
Arquivo excluído - C:\diego.seronato\ProjectBuilder\entrega\assets\ckeditor\plugins\clipboard\dialogs\paste.js
Arquivo excluído - C:\diego.seronato\ProjectBuilder\entrega\assets\ckeditor\plugins\cloudservices\plugin.js
Arquivo excluído - C:\diego.seronato\ProjectBuilder\entrega\assets\ckeditor\plugins\colordialog\dialogs\colordialog.css
Arquivo excluído - C:\diego.seronato\ProjectBuilder\entrega\assets\ckeditor\plugins\colordialog\dialogs\colordialog.js
Arquivo excluído - C:\diego.seronato\ProjectBuilder\entrega\assets\ckeditor\plugins\copyformatting\cursors\cursor-disabled.svg
Arquivo excluído - C:\diego.seronato\ProjectBuilder\entrega\assets\ckeditor\plugins\copyformatting\cursors\cursor.svg
Arquivo excluído - C:\diego.seronato\ProjectBuilder\entrega\assets\ckeditor\plugins\copyformatting\styles\copyformatting.css
Arquivo excluído - C:\diego.seronato\ProjectBuilder\entrega\assets\ckeditor\plugins\cyberaddfield\plugin.js
Arquivo excluído - C:\diego.seronato\ProjectBuilder\entrega\assets\ckeditor\plugins\cyberaddfield\icons\cyberaddfield.png
Arquivo excluído - C:\diego.seronato\ProjectBuilder\entrega\assets\ckeditor\plugins\cyberimage\plugin.js
Arquivo excluído - C:\diego.seronato\ProjectBuilder\entrega\assets\ckeditor\plugins\cyberimage\icons\cyberimage.png
Arquivo excluído - C:\diego.seronato\ProjectBuilder\entrega\assets\ckeditor\plugins\dialog\dialogDefinition.js
Arquivo excluído - C:\diego.seronato\ProjectBuilder\entrega\assets\ckeditor\plugins\div\plugin.js
Arquivo excluído - C:\diego.seronato\ProjectBuilder\entrega\assets\ckeditor\plugins\div\dialogs\div.js
Arquivo excluído - C:\diego.seronato\ProjectBuilder\entrega\assets\ckeditor\plugins\div\icons\creatediv.png
Arquivo excluído - C:\diego.seronato\ProjectBuilder\entrega\assets\ckeditor\plugins\div\icons\hidpi\creatediv.png
Arquivo excluído - C:\diego.seronato\ProjectBuilder\entrega\assets\ckeditor\plugins\div\lang\af.js
Arquivo excluído - C:\diego.seronato\ProjectBuilder\entrega\assets\ckeditor\plugins\div\lang\ar.js
Arquivo excluído - C:\diego.seronato\ProjectBuilder\entrega\assets\ckeditor\plugins\div\lang\az.js
Arquivo excluído - C:\diego.seronato\ProjectBuilder\entrega\assets\ckeditor\plugins\div\lang\bg.js
Arquivo excluído - C:\diego.seronato\ProjectBuilder\entrega\assets\ckeditor\plugins\div\lang\bn.js
Arquivo excluído - C:\diego.seronato\ProjectBuilder\entrega\assets\ckeditor\plugins\div\lang\bs.js
Arquivo excluído - C:\diego.seronato\ProjectBuilder\entrega\assets\ckeditor\plugins\div\lang\ca.js
Arquivo excluído - C:\diego.seronato\ProjectBuilder\entrega\assets\ckeditor\plugins\div\lang\cs.js
Arquivo excluído - C:\diego.seronato\ProjectBuilder\entrega\assets\ckeditor\plugins\div\lang\cy.js
Arquivo excluído - C:\diego.seronato\ProjectBuilder\entrega\assets\ckeditor\plugins\div\lang\da.js
Arquivo excluído - C:\diego.seronato\ProjectBuilder\entrega\assets\ckeditor\plugins\div\lang\de-ch.js
Arquivo excluído - C:\diego.seronato\ProjectBuilder\entrega\assets\ckeditor\plugins\div\lang\de.js
Arquivo excluído - C:\diego.seronato\ProjectBuilder\entrega\assets\ckeditor\plugins\div\lang\el.js
Arquivo excluído - C:\diego.seronato\ProjectBuilder\entrega\assets\ckeditor\plugins\div\lang\en-au.js
Arquivo excluído - C:\diego.seronato\ProjectBuilder\entrega\assets\ckeditor\plugins\div\lang\en-ca.js
Arquivo excluído - C:\diego.seronato\ProjectBuilder\entrega\assets\ckeditor\plugins\div\lang\en-gb.js
Arquivo excluído - C:\diego.seronato\ProjectBuilder\entrega\assets\ckeditor\plugins\div\lang\en.js
Arquivo excluído - C:\diego.seronato\ProjectBuilder\entrega\assets\ckeditor\plugins\div\lang\eo.js
Arquivo excluído - C:\diego.seronato\ProjectBuilder\entrega\assets\ckeditor\plugins\div\lang\es-mx.js
Arquivo excluído - C:\diego.seronato\ProjectBuilder\entrega\assets\ckeditor\plugins\div\lang\es.js
Arquivo excluído - C:\diego.seronato\ProjectBuilder\entrega\assets\ckeditor\plugins\div\lang\et.js
Arquivo excluído - C:\diego.seronato\ProjectBuilder\entrega\assets\ckeditor\plugins\div\lang\eu.js
Arquivo excluído - C:\diego.seronato\ProjectBuilder\entrega\assets\ckeditor\plugins\div\lang\fa.js
Arquivo excluído - C:\diego.seronato\ProjectBuilder\entrega\assets\ckeditor\plugins\div\lang\fi.js
Arquivo excluído - C:\diego.seronato\ProjectBuilder\entrega\assets\ckeditor\plugins\div\lang\fo.js
Arquivo excluído - C:\diego.seronato\ProjectBuilder\entrega\assets\ckeditor\plugins\div\lang\fr-ca.js
Arquivo excluído - C:\diego.seronato\ProjectBuilder\entrega\assets\ckeditor\plugins\div\lang\fr.js
Arquivo excluído - C:\diego.seronato\ProjectBuilder\entrega\assets\ckeditor\plugins\div\lang\gl.js
Arquivo excluído - C:\diego.seronato\ProjectBuilder\entrega\assets\ckeditor\plugins\div\lang\gu.js
Arquivo excluído - C:\diego.seronato\ProjectBuilder\entrega\assets\ckeditor\plugins\div\lang\he.js
Arquivo excluído - C:\diego.seronato\ProjectBuilder\entrega\assets\ckeditor\plugins\div\lang\hi.js
Arquivo excluído - C:\diego.seronato\ProjectBuilder\entrega\assets\ckeditor\plugins\div\lang\hr.js
Arquivo excluído - C:\diego.seronato\ProjectBuilder\entrega\assets\ckeditor\plugins\div\lang\hu.js
Arquivo excluído - C:\diego.seronato\ProjectBuilder\entrega\assets\ckeditor\plugins\div\lang\id.js
Arquivo excluído - C:\diego.seronato\ProjectBuilder\entrega\assets\ckeditor\plugins\div\lang\is.js
Arquivo excluído - C:\diego.seronato\ProjectBuilder\entrega\assets\ckeditor\plugins\div\lang\it.js
Arquivo excluído - C:\diego.seronato\ProjectBuilder\entrega\assets\ckeditor\plugins\div\lang\ja.js
Arquivo excluído - C:\diego.seronato\ProjectBuilder\entrega\assets\ckeditor\plugins\div\lang\ka.js
Arquivo excluído - C:\diego.seronato\ProjectBuilder\entrega\assets\ckeditor\plugins\div\lang\km.js
Arquivo excluído - C:\diego.seronato\ProjectBuilder\entrega\assets\ckeditor\plugins\div\lang\ko.js
Arquivo excluído - C:\diego.seronato\ProjectBuilder\entrega\assets\ckeditor\plugins\div\lang\ku.js
Arquivo excluído - C:\diego.seronato\ProjectBuilder\entrega\assets\ckeditor\plugins\div\lang\lt.js
Arquivo excluído - C:\diego.seronato\ProjectBuilder\entrega\assets\ckeditor\plugins\div\lang\lv.js
Arquivo excluído - C:\diego.seronato\ProjectBuilder\entrega\assets\ckeditor\plugins\div\lang\mk.js
Arquivo excluído - C:\diego.seronato\ProjectBuilder\entrega\assets\ckeditor\plugins\div\lang\mn.js
Arquivo excluído - C:\diego.seronato\ProjectBuilder\entrega\assets\ckeditor\plugins\div\lang\ms.js
Arquivo excluído - C:\diego.seronato\ProjectBuilder\entrega\assets\ckeditor\plugins\div\lang\nb.js
Arquivo excluído - C:\diego.seronato\ProjectBuilder\entrega\assets\ckeditor\plugins\div\lang\nl.js
Arquivo excluído - C:\diego.seronato\ProjectBuilder\entrega\assets\ckeditor\plugins\div\lang\no.js
Arquivo excluído - C:\diego.seronato\ProjectBuilder\entrega\assets\ckeditor\plugins\div\lang\oc.js
Arquivo excluído - C:\diego.seronato\ProjectBuilder\entrega\assets\ckeditor\plugins\div\lang\pl.js
Arquivo excluído - C:\diego.seronato\ProjectBuilder\entrega\assets\ckeditor\plugins\div\lang\pt-br.js
Arquivo excluído - C:\diego.seronato\ProjectBuilder\entrega\assets\ckeditor\plugins\div\lang\pt.js
Arquivo excluído - C:\diego.seronato\ProjectBuilder\entrega\assets\ckeditor\plugins\div\lang\ro.js
Arquivo excluído - C:\diego.seronato\ProjectBuilder\entrega\assets\ckeditor\plugins\div\lang\ru.js
Arquivo excluído - C:\diego.seronato\ProjectBuilder\entrega\assets\ckeditor\plugins\div\lang\si.js
Arquivo excluído - C:\diego.seronato\ProjectBuilder\entrega\assets\ckeditor\plugins\div\lang\sk.js
Arquivo excluído - C:\diego.seronato\ProjectBuilder\entrega\assets\ckeditor\plugins\div\lang\sl.js
Arquivo excluído - C:\diego.seronato\ProjectBuilder\entrega\assets\ckeditor\plugins\div\lang\sq.js
Arquivo excluído - C:\diego.seronato\ProjectBuilder\entrega\assets\ckeditor\plugins\div\lang\sr-latn.js
Arquivo excluído - C:\diego.seronato\ProjectBuilder\entrega\assets\ckeditor\plugins\div\lang\sr.js
Arquivo excluído - C:\diego.seronato\ProjectBuilder\entrega\assets\ckeditor\plugins\div\lang\sv.js
Arquivo excluído - C:\diego.seronato\ProjectBuilder\entrega\assets\ckeditor\plugins\div\lang\th.js
Arquivo excluído - C:\diego.seronato\ProjectBuilder\entrega\assets\ckeditor\plugins\div\lang\tr.js
Arquivo excluído - C:\diego.seronato\ProjectBuilder\entrega\assets\ckeditor\plugins\div\lang\tt.js
Arquivo excluído - C:\diego.seronato\ProjectBuilder\entrega\assets\ckeditor\plugins\div\lang\ug.js
Arquivo excluído - C:\diego.seronato\ProjectBuilder\entrega\assets\ckeditor\plugins\div\lang\uk.js
Arquivo excluído - C:\diego.seronato\ProjectBuilder\entrega\assets\ckeditor\plugins\div\lang\vi.js
Arquivo excluído - C:\diego.seronato\ProjectBuilder\entrega\assets\ckeditor\plugins\div\lang\zh-cn.js
Arquivo excluído - C:\diego.seronato\ProjectBuilder\entrega\assets\ckeditor\plugins\div\lang\zh.js
Arquivo excluído - C:\diego.seronato\ProjectBuilder\entrega\assets\ckeditor\plugins\easyimage\plugin.js
Arquivo excluído - C:\diego.seronato\ProjectBuilder\entrega\assets\ckeditor\plugins\easyimage\dialogs\easyimagealt.js
Arquivo excluído - C:\diego.seronato\ProjectBuilder\entrega\assets\ckeditor\plugins\easyimage\icons\easyimagealigncenter.png
Arquivo excluído - C:\diego.seronato\ProjectBuilder\entrega\assets\ckeditor\plugins\easyimage\icons\easyimagealignleft.png
Arquivo excluído - C:\diego.seronato\ProjectBuilder\entrega\assets\ckeditor\plugins\easyimage\icons\easyimagealignright.png
Arquivo excluído - C:\diego.seronato\ProjectBuilder\entrega\assets\ckeditor\plugins\easyimage\icons\easyimagealt.png
Arquivo excluído - C:\diego.seronato\ProjectBuilder\entrega\assets\ckeditor\plugins\easyimage\icons\easyimagefull.png
Arquivo excluído - C:\diego.seronato\ProjectBuilder\entrega\assets\ckeditor\plugins\easyimage\icons\easyimageside.png
Arquivo excluído - C:\diego.seronato\ProjectBuilder\entrega\assets\ckeditor\plugins\easyimage\icons\easyimageupload.png
Arquivo excluído - C:\diego.seronato\ProjectBuilder\entrega\assets\ckeditor\plugins\easyimage\icons\hidpi\easyimagealigncenter.png
Arquivo excluído - C:\diego.seronato\ProjectBuilder\entrega\assets\ckeditor\plugins\easyimage\icons\hidpi\easyimagealignleft.png
Arquivo excluído - C:\diego.seronato\ProjectBuilder\entrega\assets\ckeditor\plugins\easyimage\icons\hidpi\easyimagealignright.png
Arquivo excluído - C:\diego.seronato\ProjectBuilder\entrega\assets\ckeditor\plugins\easyimage\icons\hidpi\easyimagealt.png
Arquivo excluído - C:\diego.seronato\ProjectBuilder\entrega\assets\ckeditor\plugins\easyimage\icons\hidpi\easyimagefull.png
Arquivo excluído - C:\diego.seronato\ProjectBuilder\entrega\assets\ckeditor\plugins\easyimage\icons\hidpi\easyimageside.png
Arquivo excluído - C:\diego.seronato\ProjectBuilder\entrega\assets\ckeditor\plugins\easyimage\icons\hidpi\easyimageupload.png
Arquivo excluído - C:\diego.seronato\ProjectBuilder\entrega\assets\ckeditor\plugins\easyimage\lang\en.js
Arquivo excluído - C:\diego.seronato\ProjectBuilder\entrega\assets\ckeditor\plugins\easyimage\samples\easyimage.html
Arquivo excluído - C:\diego.seronato\ProjectBuilder\entrega\assets\ckeditor\plugins\easyimage\styles\easyimage.css
Arquivo excluído - C:\diego.seronato\ProjectBuilder\entrega\assets\ckeditor\plugins\filebrowser\plugin.js
Arquivo excluído - C:\diego.seronato\ProjectBuilder\entrega\assets\ckeditor\plugins\find\dialogs\find.js
Arquivo excluído - C:\diego.seronato\ProjectBuilder\entrega\assets\ckeditor\plugins\flash\dialogs\flash.js
Arquivo excluído - C:\diego.seronato\ProjectBuilder\entrega\assets\ckeditor\plugins\flash\images\placeholder.png
Arquivo excluído - C:\diego.seronato\ProjectBuilder\entrega\assets\ckeditor\plugins\forms\dialogs\button.js
Arquivo excluído - C:\diego.seronato\ProjectBuilder\entrega\assets\ckeditor\plugins\forms\dialogs\checkbox.js
Arquivo excluído - C:\diego.seronato\ProjectBuilder\entrega\assets\ckeditor\plugins\forms\dialogs\form.js
Arquivo excluído - C:\diego.seronato\ProjectBuilder\entrega\assets\ckeditor\plugins\forms\dialogs\hiddenfield.js
Arquivo excluído - C:\diego.seronato\ProjectBuilder\entrega\assets\ckeditor\plugins\forms\dialogs\radio.js
Arquivo excluído - C:\diego.seronato\ProjectBuilder\entrega\assets\ckeditor\plugins\forms\dialogs\select.js
Arquivo excluído - C:\diego.seronato\ProjectBuilder\entrega\assets\ckeditor\plugins\forms\dialogs\textarea.js
Arquivo excluído - C:\diego.seronato\ProjectBuilder\entrega\assets\ckeditor\plugins\forms\dialogs\textfield.js
Arquivo excluído - C:\diego.seronato\ProjectBuilder\entrega\assets\ckeditor\plugins\forms\images\hiddenfield.gif
Arquivo excluído - C:\diego.seronato\ProjectBuilder\entrega\assets\ckeditor\plugins\iframe\dialogs\iframe.js
Arquivo excluído - C:\diego.seronato\ProjectBuilder\entrega\assets\ckeditor\plugins\iframe\images\placeholder.png
Arquivo excluído - C:\diego.seronato\ProjectBuilder\entrega\assets\ckeditor\plugins\image\plugin.js
Arquivo excluído - C:\diego.seronato\ProjectBuilder\entrega\assets\ckeditor\plugins\image\dialogs\image.js
Arquivo excluído - C:\diego.seronato\ProjectBuilder\entrega\assets\ckeditor\plugins\image\icons\image.png
Arquivo excluído - C:\diego.seronato\ProjectBuilder\entrega\assets\ckeditor\plugins\image\icons\hidpi\image.png
Arquivo excluído - C:\diego.seronato\ProjectBuilder\entrega\assets\ckeditor\plugins\image\images\noimage.png
Arquivo excluído - C:\diego.seronato\ProjectBuilder\entrega\assets\ckeditor\plugins\image\lang\af.js
Arquivo excluído - C:\diego.seronato\ProjectBuilder\entrega\assets\ckeditor\plugins\image\lang\ar.js
Arquivo excluído - C:\diego.seronato\ProjectBuilder\entrega\assets\ckeditor\plugins\image\lang\az.js
Arquivo excluído - C:\diego.seronato\ProjectBuilder\entrega\assets\ckeditor\plugins\image\lang\bg.js
Arquivo excluído - C:\diego.seronato\ProjectBuilder\entrega\assets\ckeditor\plugins\image\lang\bn.js
Arquivo excluído - C:\diego.seronato\ProjectBuilder\entrega\assets\ckeditor\plugins\image\lang\bs.js
Arquivo excluído - C:\diego.seronato\ProjectBuilder\entrega\assets\ckeditor\plugins\image\lang\ca.js
Arquivo excluído - C:\diego.seronato\ProjectBuilder\entrega\assets\ckeditor\plugins\image\lang\cs.js
Arquivo excluído - C:\diego.seronato\ProjectBuilder\entrega\assets\ckeditor\plugins\image\lang\cy.js
Arquivo excluído - C:\diego.seronato\ProjectBuilder\entrega\assets\ckeditor\plugins\image\lang\da.js
Arquivo excluído - C:\diego.seronato\ProjectBuilder\entrega\assets\ckeditor\plugins\image\lang\de-ch.js
Arquivo excluído - C:\diego.seronato\ProjectBuilder\entrega\assets\ckeditor\plugins\image\lang\de.js
Arquivo excluído - C:\diego.seronato\ProjectBuilder\entrega\assets\ckeditor\plugins\image\lang\el.js
Arquivo excluído - C:\diego.seronato\ProjectBuilder\entrega\assets\ckeditor\plugins\image\lang\en-au.js
Arquivo excluído - C:\diego.seronato\ProjectBuilder\entrega\assets\ckeditor\plugins\image\lang\en-ca.js
Arquivo excluído - C:\diego.seronato\ProjectBuilder\entrega\assets\ckeditor\plugins\image\lang\en-gb.js
Arquivo excluído - C:\diego.seronato\ProjectBuilder\entrega\assets\ckeditor\plugins\image\lang\en.js
Arquivo excluído - C:\diego.seronato\ProjectBuilder\entrega\assets\ckeditor\plugins\image\lang\eo.js
Arquivo excluído - C:\diego.seronato\ProjectBuilder\entrega\assets\ckeditor\plugins\image\lang\es-mx.js
Arquivo excluído - C:\diego.seronato\ProjectBuilder\entrega\assets\ckeditor\plugins\image\lang\es.js
Arquivo excluído - C:\diego.seronato\ProjectBuilder\entrega\assets\ckeditor\plugins\image\lang\et.js
Arquivo excluído - C:\diego.seronato\ProjectBuilder\entrega\assets\ckeditor\plugins\image\lang\eu.js
Arquivo excluído - C:\diego.seronato\ProjectBuilder\entrega\assets\ckeditor\plugins\image\lang\fa.js
Arquivo excluído - C:\diego.seronato\ProjectBuilder\entrega\assets\ckeditor\plugins\image\lang\fi.js
Arquivo excluído - C:\diego.seronato\ProjectBuilder\entrega\assets\ckeditor\plugins\image\lang\fo.js
Arquivo excluído - C:\diego.seronato\ProjectBuilder\entrega\assets\ckeditor\plugins\image\lang\fr-ca.js
Arquivo excluído - C:\diego.seronato\ProjectBuilder\entrega\assets\ckeditor\plugins\image\lang\fr.js
Arquivo excluído - C:\diego.seronato\ProjectBuilder\entrega\assets\ckeditor\plugins\image\lang\gl.js
Arquivo excluído - C:\diego.seronato\ProjectBuilder\entrega\assets\ckeditor\plugins\image\lang\gu.js
Arquivo excluído - C:\diego.seronato\ProjectBuilder\entrega\assets\ckeditor\plugins\image\lang\he.js
Arquivo excluído - C:\diego.seronato\ProjectBuilder\entrega\assets\ckeditor\plugins\image\lang\hi.js
Arquivo excluído - C:\diego.seronato\ProjectBuilder\entrega\assets\ckeditor\plugins\image\lang\hr.js
Arquivo excluído - C:\diego.seronato\ProjectBuilder\entrega\assets\ckeditor\plugins\image\lang\hu.js
Arquivo excluído - C:\diego.seronato\ProjectBuilder\entrega\assets\ckeditor\plugins\image\lang\id.js
Arquivo excluído - C:\diego.seronato\ProjectBuilder\entrega\assets\ckeditor\plugins\image\lang\is.js
Arquivo excluído - C:\diego.seronato\ProjectBuilder\entrega\assets\ckeditor\plugins\image\lang\it.js
Arquivo excluído - C:\diego.seronato\ProjectBuilder\entrega\assets\ckeditor\plugins\image\lang\ja.js
Arquivo excluído - C:\diego.seronato\ProjectBuilder\entrega\assets\ckeditor\plugins\image\lang\ka.js
Arquivo excluído - C:\diego.seronato\ProjectBuilder\entrega\assets\ckeditor\plugins\image\lang\km.js
Arquivo excluído - C:\diego.seronato\ProjectBuilder\entrega\assets\ckeditor\plugins\image\lang\ko.js
Arquivo excluído - C:\diego.seronato\ProjectBuilder\entrega\assets\ckeditor\plugins\image\lang\ku.js
Arquivo excluído - C:\diego.seronato\ProjectBuilder\entrega\assets\ckeditor\plugins\image\lang\lt.js
Arquivo excluído - C:\diego.seronato\ProjectBuilder\entrega\assets\ckeditor\plugins\image\lang\lv.js
Arquivo excluído - C:\diego.seronato\ProjectBuilder\entrega\assets\ckeditor\plugins\image\lang\mk.js
Arquivo excluído - C:\diego.seronato\ProjectBuilder\entrega\assets\ckeditor\plugins\image\lang\mn.js
Arquivo excluído - C:\diego.seronato\ProjectBuilder\entrega\assets\ckeditor\plugins\image\lang\ms.js
Arquivo excluído - C:\diego.seronato\ProjectBuilder\entrega\assets\ckeditor\plugins\image\lang\nb.js
Arquivo excluído - C:\diego.seronato\ProjectBuilder\entrega\assets\ckeditor\plugins\image\lang\nl.js
Arquivo excluído - C:\diego.seronato\ProjectBuilder\entrega\assets\ckeditor\plugins\image\lang\no.js
Arquivo excluído - C:\diego.seronato\ProjectBuilder\entrega\assets\ckeditor\plugins\image\lang\oc.js
Arquivo excluído - C:\diego.seronato\ProjectBuilder\entrega\assets\ckeditor\plugins\image\lang\pl.js
Arquivo excluído - C:\diego.seronato\ProjectBuilder\entrega\assets\ckeditor\plugins\image\lang\pt-br.js
Arquivo excluído - C:\diego.seronato\ProjectBuilder\entrega\assets\ckeditor\plugins\image\lang\pt.js
Arquivo excluído - C:\diego.seronato\ProjectBuilder\entrega\assets\ckeditor\plugins\image\lang\ro.js
Arquivo excluído - C:\diego.seronato\ProjectBuilder\entrega\assets\ckeditor\plugins\image\lang\ru.js
Arquivo excluído - C:\diego.seronato\ProjectBuilder\entrega\assets\ckeditor\plugins\image\lang\si.js
Arquivo excluído - C:\diego.seronato\ProjectBuilder\entrega\assets\ckeditor\plugins\image\lang\sk.js
Arquivo excluído - C:\diego.seronato\ProjectBuilder\entrega\assets\ckeditor\plugins\image\lang\sl.js
Arquivo excluído - C:\diego.seronato\ProjectBuilder\entrega\assets\ckeditor\plugins\image\lang\sq.js
Arquivo excluído - C:\diego.seronato\ProjectBuilder\entrega\assets\ckeditor\plugins\image\lang\sr-latn.js
Arquivo excluído - C:\diego.seronato\ProjectBuilder\entrega\assets\ckeditor\plugins\image\lang\sr.js
Arquivo excluído - C:\diego.seronato\ProjectBuilder\entrega\assets\ckeditor\plugins\image\lang\sv.js
Arquivo excluído - C:\diego.seronato\ProjectBuilder\entrega\assets\ckeditor\plugins\image\lang\th.js
Arquivo excluído - C:\diego.seronato\ProjectBuilder\entrega\assets\ckeditor\plugins\image\lang\tr.js
Arquivo excluído - C:\diego.seronato\ProjectBuilder\entrega\assets\ckeditor\plugins\image\lang\tt.js
Arquivo excluído - C:\diego.seronato\ProjectBuilder\entrega\assets\ckeditor\plugins\image\lang\ug.js
Arquivo excluído - C:\diego.seronato\ProjectBuilder\entrega\assets\ckeditor\plugins\image\lang\uk.js
Arquivo excluído - C:\diego.seronato\ProjectBuilder\entrega\assets\ckeditor\plugins\image\lang\vi.js
Arquivo excluído - C:\diego.seronato\ProjectBuilder\entrega\assets\ckeditor\plugins\image\lang\zh-cn.js
Arquivo excluído - C:\diego.seronato\ProjectBuilder\entrega\assets\ckeditor\plugins\image\lang\zh.js
Arquivo excluído - C:\diego.seronato\ProjectBuilder\entrega\assets\ckeditor\plugins\image2\plugin.js
Arquivo excluído - C:\diego.seronato\ProjectBuilder\entrega\assets\ckeditor\plugins\image2\dev\contents.css
Arquivo excluído - C:\diego.seronato\ProjectBuilder\entrega\assets\ckeditor\plugins\image2\dev\image2.html
Arquivo excluído - C:\diego.seronato\ProjectBuilder\entrega\assets\ckeditor\plugins\image2\dev\assets\image1.jpg
Arquivo excluído - C:\diego.seronato\ProjectBuilder\entrega\assets\ckeditor\plugins\image2\dev\assets\image2.jpg
Arquivo excluído - C:\diego.seronato\ProjectBuilder\entrega\assets\ckeditor\plugins\image2\dialogs\image2.js
Arquivo excluído - C:\diego.seronato\ProjectBuilder\entrega\assets\ckeditor\plugins\image2\icons\image.png
Arquivo excluído - C:\diego.seronato\ProjectBuilder\entrega\assets\ckeditor\plugins\image2\icons\hidpi\image.png
Arquivo excluído - C:\diego.seronato\ProjectBuilder\entrega\assets\ckeditor\plugins\image2\lang\af.js
Arquivo excluído - C:\diego.seronato\ProjectBuilder\entrega\assets\ckeditor\plugins\image2\lang\ar.js
Arquivo excluído - C:\diego.seronato\ProjectBuilder\entrega\assets\ckeditor\plugins\image2\lang\az.js
Arquivo excluído - C:\diego.seronato\ProjectBuilder\entrega\assets\ckeditor\plugins\image2\lang\bg.js
Arquivo excluído - C:\diego.seronato\ProjectBuilder\entrega\assets\ckeditor\plugins\image2\lang\bn.js
Arquivo excluído - C:\diego.seronato\ProjectBuilder\entrega\assets\ckeditor\plugins\image2\lang\bs.js
Arquivo excluído - C:\diego.seronato\ProjectBuilder\entrega\assets\ckeditor\plugins\image2\lang\ca.js
Arquivo excluído - C:\diego.seronato\ProjectBuilder\entrega\assets\ckeditor\plugins\image2\lang\cs.js
Arquivo excluído - C:\diego.seronato\ProjectBuilder\entrega\assets\ckeditor\plugins\image2\lang\cy.js
Arquivo excluído - C:\diego.seronato\ProjectBuilder\entrega\assets\ckeditor\plugins\image2\lang\da.js
Arquivo excluído - C:\diego.seronato\ProjectBuilder\entrega\assets\ckeditor\plugins\image2\lang\de-ch.js
Arquivo excluído - C:\diego.seronato\ProjectBuilder\entrega\assets\ckeditor\plugins\image2\lang\de.js
Arquivo excluído - C:\diego.seronato\ProjectBuilder\entrega\assets\ckeditor\plugins\image2\lang\el.js
Arquivo excluído - C:\diego.seronato\ProjectBuilder\entrega\assets\ckeditor\plugins\image2\lang\en-au.js
Arquivo excluído - C:\diego.seronato\ProjectBuilder\entrega\assets\ckeditor\plugins\image2\lang\en-ca.js
Arquivo excluído - C:\diego.seronato\ProjectBuilder\entrega\assets\ckeditor\plugins\image2\lang\en-gb.js
Arquivo excluído - C:\diego.seronato\ProjectBuilder\entrega\assets\ckeditor\plugins\image2\lang\en.js
Arquivo excluído - C:\diego.seronato\ProjectBuilder\entrega\assets\ckeditor\plugins\image2\lang\eo.js
Arquivo excluído - C:\diego.seronato\ProjectBuilder\entrega\assets\ckeditor\plugins\image2\lang\es-mx.js
Arquivo excluído - C:\diego.seronato\ProjectBuilder\entrega\assets\ckeditor\plugins\image2\lang\es.js
Arquivo excluído - C:\diego.seronato\ProjectBuilder\entrega\assets\ckeditor\plugins\image2\lang\et.js
Arquivo excluído - C:\diego.seronato\ProjectBuilder\entrega\assets\ckeditor\plugins\image2\lang\eu.js
Arquivo excluído - C:\diego.seronato\ProjectBuilder\entrega\assets\ckeditor\plugins\image2\lang\fa.js
Arquivo excluído - C:\diego.seronato\ProjectBuilder\entrega\assets\ckeditor\plugins\image2\lang\fi.js
Arquivo excluído - C:\diego.seronato\ProjectBuilder\entrega\assets\ckeditor\plugins\image2\lang\fo.js
Arquivo excluído - C:\diego.seronato\ProjectBuilder\entrega\assets\ckeditor\plugins\image2\lang\fr-ca.js
Arquivo excluído - C:\diego.seronato\ProjectBuilder\entrega\assets\ckeditor\plugins\image2\lang\fr.js
Arquivo excluído - C:\diego.seronato\ProjectBuilder\entrega\assets\ckeditor\plugins\image2\lang\gl.js
Arquivo excluído - C:\diego.seronato\ProjectBuilder\entrega\assets\ckeditor\plugins\image2\lang\gu.js
Arquivo excluído - C:\diego.seronato\ProjectBuilder\entrega\assets\ckeditor\plugins\image2\lang\he.js
Arquivo excluído - C:\diego.seronato\ProjectBuilder\entrega\assets\ckeditor\plugins\image2\lang\hi.js
Arquivo excluído - C:\diego.seronato\ProjectBuilder\entrega\assets\ckeditor\plugins\image2\lang\hr.js
Arquivo excluído - C:\diego.seronato\ProjectBuilder\entrega\assets\ckeditor\plugins\image2\lang\hu.js
Arquivo excluído - C:\diego.seronato\ProjectBuilder\entrega\assets\ckeditor\plugins\image2\lang\id.js
Arquivo excluído - C:\diego.seronato\ProjectBuilder\entrega\assets\ckeditor\plugins\image2\lang\is.js
Arquivo excluído - C:\diego.seronato\ProjectBuilder\entrega\assets\ckeditor\plugins\image2\lang\it.js
Arquivo excluído - C:\diego.seronato\ProjectBuilder\entrega\assets\ckeditor\plugins\image2\lang\ja.js
Arquivo excluído - C:\diego.seronato\ProjectBuilder\entrega\assets\ckeditor\plugins\image2\lang\ka.js
Arquivo excluído - C:\diego.seronato\ProjectBuilder\entrega\assets\ckeditor\plugins\image2\lang\km.js
Arquivo excluído - C:\diego.seronato\ProjectBuilder\entrega\assets\ckeditor\plugins\image2\lang\ko.js
Arquivo excluído - C:\diego.seronato\ProjectBuilder\entrega\assets\ckeditor\plugins\image2\lang\ku.js
Arquivo excluído - C:\diego.seronato\ProjectBuilder\entrega\assets\ckeditor\plugins\image2\lang\lt.js
Arquivo excluído - C:\diego.seronato\ProjectBuilder\entrega\assets\ckeditor\plugins\image2\lang\lv.js
Arquivo excluído - C:\diego.seronato\ProjectBuilder\entrega\assets\ckeditor\plugins\image2\lang\mk.js
Arquivo excluído - C:\diego.seronato\ProjectBuilder\entrega\assets\ckeditor\plugins\image2\lang\mn.js
Arquivo excluído - C:\diego.seronato\ProjectBuilder\entrega\assets\ckeditor\plugins\image2\lang\ms.js
Arquivo excluído - C:\diego.seronato\ProjectBuilder\entrega\assets\ckeditor\plugins\image2\lang\nb.js
Arquivo excluído - C:\diego.seronato\ProjectBuilder\entrega\assets\ckeditor\plugins\image2\lang\nl.js
Arquivo excluído - C:\diego.seronato\ProjectBuilder\entrega\assets\ckeditor\plugins\image2\lang\no.js
Arquivo excluído - C:\diego.seronato\ProjectBuilder\entrega\assets\ckeditor\plugins\image2\lang\oc.js
Arquivo excluído - C:\diego.seronato\ProjectBuilder\entrega\assets\ckeditor\plugins\image2\lang\pl.js
Arquivo excluído - C:\diego.seronato\ProjectBuilder\entrega\assets\ckeditor\plugins\image2\lang\pt-br.js
Arquivo excluído - C:\diego.seronato\ProjectBuilder\entrega\assets\ckeditor\plugins\image2\lang\pt.js
Arquivo excluído - C:\diego.seronato\ProjectBuilder\entrega\assets\ckeditor\plugins\image2\lang\ro.js
Arquivo excluído - C:\diego.seronato\ProjectBuilder\entrega\assets\ckeditor\plugins\image2\lang\ru.js
Arquivo excluído - C:\diego.seronato\ProjectBuilder\entrega\assets\ckeditor\plugins\image2\lang\si.js
Arquivo excluído - C:\diego.seronato\ProjectBuilder\entrega\assets\ckeditor\plugins\image2\lang\sk.js
Arquivo excluído - C:\diego.seronato\ProjectBuilder\entrega\assets\ckeditor\plugins\image2\lang\sl.js
Arquivo excluído - C:\diego.seronato\ProjectBuilder\entrega\assets\ckeditor\plugins\image2\lang\sq.js
Arquivo excluído - C:\diego.seronato\ProjectBuilder\entrega\assets\ckeditor\plugins\image2\lang\sr-latn.js
Arquivo excluído - C:\diego.seronato\ProjectBuilder\entrega\assets\ckeditor\plugins\image2\lang\sr.js
Arquivo excluído - C:\diego.seronato\ProjectBuilder\entrega\assets\ckeditor\plugins\image2\lang\sv.js
Arquivo excluído - C:\diego.seronato\ProjectBuilder\entrega\assets\ckeditor\plugins\image2\lang\th.js
Arquivo excluído - C:\diego.seronato\ProjectBuilder\entrega\assets\ckeditor\plugins\image2\lang\tr.js
Arquivo excluído - C:\diego.seronato\ProjectBuilder\entrega\assets\ckeditor\plugins\image2\lang\tt.js
Arquivo excluído - C:\diego.seronato\ProjectBuilder\entrega\assets\ckeditor\plugins\image2\lang\ug.js
Arquivo excluído - C:\diego.seronato\ProjectBuilder\entrega\assets\ckeditor\plugins\image2\lang\uk.js
Arquivo excluído - C:\diego.seronato\ProjectBuilder\entrega\assets\ckeditor\plugins\image2\lang\vi.js
Arquivo excluído - C:\diego.seronato\ProjectBuilder\entrega\assets\ckeditor\plugins\image2\lang\zh-cn.js
Arquivo excluído - C:\diego.seronato\ProjectBuilder\entrega\assets\ckeditor\plugins\image2\lang\zh.js
Arquivo excluído - C:\diego.seronato\ProjectBuilder\entrega\assets\ckeditor\plugins\image2\samples\image2.html
Arquivo excluído - C:\diego.seronato\ProjectBuilder\entrega\assets\ckeditor\plugins\image2\samples\assets\image1.jpg
Arquivo excluído - C:\diego.seronato\ProjectBuilder\entrega\assets\ckeditor\plugins\image2\samples\assets\image2.jpg
Arquivo excluído - C:\diego.seronato\ProjectBuilder\entrega\assets\ckeditor\plugins\image84\plugin.js
Arquivo excluído - C:\diego.seronato\ProjectBuilder\entrega\assets\ckeditor\plugins\imagebase\plugin.js
Arquivo excluído - C:\diego.seronato\ProjectBuilder\entrega\assets\ckeditor\plugins\imagebase\lang\en.js
Arquivo excluído - C:\diego.seronato\ProjectBuilder\entrega\assets\ckeditor\plugins\imagebase\styles\imagebase.css
Arquivo excluído - C:\diego.seronato\ProjectBuilder\entrega\assets\ckeditor\plugins\imageuploader\check_permission.php
Arquivo excluído - C:\diego.seronato\ProjectBuilder\entrega\assets\ckeditor\plugins\imageuploader\create.php
Arquivo excluído - C:\diego.seronato\ProjectBuilder\entrega\assets\ckeditor\plugins\imageuploader\function.js
Arquivo excluído - C:\diego.seronato\ProjectBuilder\entrega\assets\ckeditor\plugins\imageuploader\function.php
Arquivo excluído - C:\diego.seronato\ProjectBuilder\entrega\assets\ckeditor\plugins\imageuploader\imgbrowser.php
Arquivo excluído - C:\diego.seronato\ProjectBuilder\entrega\assets\ckeditor\plugins\imageuploader\imgdelete.php
Arquivo excluído - C:\diego.seronato\ProjectBuilder\entrega\assets\ckeditor\plugins\imageuploader\imgupload.php
Arquivo excluído - C:\diego.seronato\ProjectBuilder\entrega\assets\ckeditor\plugins\imageuploader\LICENSE.md
Arquivo excluído - C:\diego.seronato\ProjectBuilder\entrega\assets\ckeditor\plugins\imageuploader\login.php
Arquivo excluído - C:\diego.seronato\ProjectBuilder\entrega\assets\ckeditor\plugins\imageuploader\loginindex.php
Arquivo excluído - C:\diego.seronato\ProjectBuilder\entrega\assets\ckeditor\plugins\imageuploader\logout.php
Arquivo excluído - C:\diego.seronato\ProjectBuilder\entrega\assets\ckeditor\plugins\imageuploader\new.php
Arquivo excluído - C:\diego.seronato\ProjectBuilder\entrega\assets\ckeditor\plugins\imageuploader\plugin.js
Arquivo excluído - C:\diego.seronato\ProjectBuilder\entrega\assets\ckeditor\plugins\imageuploader\pluginconfig.php
Arquivo excluído - C:\diego.seronato\ProjectBuilder\entrega\assets\ckeditor\plugins\imageuploader\README.md
Arquivo excluído - C:\diego.seronato\ProjectBuilder\entrega\assets\ckeditor\plugins\imageuploader\styles.css
Arquivo excluído - C:\diego.seronato\ProjectBuilder\entrega\assets\ckeditor\plugins\imageuploader\styles.min.css
Arquivo excluído - C:\diego.seronato\ProjectBuilder\entrega\assets\ckeditor\plugins\imageuploader\img\cd-ico-browser.ico
Arquivo excluído - C:\diego.seronato\ProjectBuilder\entrega\assets\ckeditor\plugins\imageuploader\img\cd-icon-block.png
Arquivo excluído - C:\diego.seronato\ProjectBuilder\entrega\assets\ckeditor\plugins\imageuploader\img\cd-icon-browser.png
Arquivo excluído - C:\diego.seronato\ProjectBuilder\entrega\assets\ckeditor\plugins\imageuploader\img\cd-icon-bug.png
Arquivo excluído - C:\diego.seronato\ProjectBuilder\entrega\assets\ckeditor\plugins\imageuploader\img\cd-icon-close-black.png
Arquivo excluído - C:\diego.seronato\ProjectBuilder\entrega\assets\ckeditor\plugins\imageuploader\img\cd-icon-close-grey.png
Arquivo excluído - C:\diego.seronato\ProjectBuilder\entrega\assets\ckeditor\plugins\imageuploader\img\cd-icon-close.png
Arquivo excluído - C:\diego.seronato\ProjectBuilder\entrega\assets\ckeditor\plugins\imageuploader\img\cd-icon-coffee.png
Arquivo excluído - C:\diego.seronato\ProjectBuilder\entrega\assets\ckeditor\plugins\imageuploader\img\cd-icon-credits.png
Arquivo excluído - C:\diego.seronato\ProjectBuilder\entrega\assets\ckeditor\plugins\imageuploader\img\cd-icon-delete.png
Arquivo excluído - C:\diego.seronato\ProjectBuilder\entrega\assets\ckeditor\plugins\imageuploader\img\cd-icon-disable.png
Arquivo excluído - C:\diego.seronato\ProjectBuilder\entrega\assets\ckeditor\plugins\imageuploader\img\cd-icon-done.png
Arquivo excluído - C:\diego.seronato\ProjectBuilder\entrega\assets\ckeditor\plugins\imageuploader\img\cd-icon-download.png
Arquivo excluído - C:\diego.seronato\ProjectBuilder\entrega\assets\ckeditor\plugins\imageuploader\img\cd-icon-edit.png
Arquivo excluído - C:\diego.seronato\ProjectBuilder\entrega\assets\ckeditor\plugins\imageuploader\img\cd-icon-english.png
Arquivo excluído - C:\diego.seronato\ProjectBuilder\entrega\assets\ckeditor\plugins\imageuploader\img\cd-icon-faq.png
Arquivo excluído - C:\diego.seronato\ProjectBuilder\entrega\assets\ckeditor\plugins\imageuploader\img\cd-icon-german.png
Arquivo excluído - C:\diego.seronato\ProjectBuilder\entrega\assets\ckeditor\plugins\imageuploader\img\cd-icon-hideext.png
Arquivo excluído - C:\diego.seronato\ProjectBuilder\entrega\assets\ckeditor\plugins\imageuploader\img\cd-icon-image.png
Arquivo excluído - C:\diego.seronato\ProjectBuilder\entrega\assets\ckeditor\plugins\imageuploader\img\cd-icon-images.png
Arquivo excluído - C:\diego.seronato\ProjectBuilder\entrega\assets\ckeditor\plugins\imageuploader\img\cd-icon-list.png
Arquivo excluído - C:\diego.seronato\ProjectBuilder\entrega\assets\ckeditor\plugins\imageuploader\img\cd-icon-logout.png
Arquivo excluído - C:\diego.seronato\ProjectBuilder\entrega\assets\ckeditor\plugins\imageuploader\img\cd-icon-password.png
Arquivo excluído - C:\diego.seronato\ProjectBuilder\entrega\assets\ckeditor\plugins\imageuploader\img\cd-icon-polish.png
Arquivo excluído - C:\diego.seronato\ProjectBuilder\entrega\assets\ckeditor\plugins\imageuploader\img\cd-icon-qedit.png
Arquivo excluído - C:\diego.seronato\ProjectBuilder\entrega\assets\ckeditor\plugins\imageuploader\img\cd-icon-qtrash.png
Arquivo excluído - C:\diego.seronato\ProjectBuilder\entrega\assets\ckeditor\plugins\imageuploader\img\cd-icon-refresh.png
Arquivo excluído - C:\diego.seronato\ProjectBuilder\entrega\assets\ckeditor\plugins\imageuploader\img\cd-icon-select.png
Arquivo excluído - C:\diego.seronato\ProjectBuilder\entrega\assets\ckeditor\plugins\imageuploader\img\cd-icon-settings.png
Arquivo excluído - C:\diego.seronato\ProjectBuilder\entrega\assets\ckeditor\plugins\imageuploader\img\cd-icon-showext.png
Arquivo excluído - C:\diego.seronato\ProjectBuilder\entrega\assets\ckeditor\plugins\imageuploader\img\cd-icon-translate.png
Arquivo excluído - C:\diego.seronato\ProjectBuilder\entrega\assets\ckeditor\plugins\imageuploader\img\cd-icon-updates.png
Arquivo excluído - C:\diego.seronato\ProjectBuilder\entrega\assets\ckeditor\plugins\imageuploader\img\cd-icon-upload-big.png
Arquivo excluído - C:\diego.seronato\ProjectBuilder\entrega\assets\ckeditor\plugins\imageuploader\img\cd-icon-upload-grey.png
Arquivo excluído - C:\diego.seronato\ProjectBuilder\entrega\assets\ckeditor\plugins\imageuploader\img\cd-icon-upload.png
Arquivo excluído - C:\diego.seronato\ProjectBuilder\entrega\assets\ckeditor\plugins\imageuploader\img\cd-icon-use.png
Arquivo excluído - C:\diego.seronato\ProjectBuilder\entrega\assets\ckeditor\plugins\imageuploader\img\cd-icon-version.png
Arquivo excluído - C:\diego.seronato\ProjectBuilder\entrega\assets\ckeditor\plugins\imageuploader\img\cd-icon-warning.png
Arquivo excluído - C:\diego.seronato\ProjectBuilder\entrega\assets\ckeditor\plugins\imageuploader\lang\en.php
Arquivo excluído - C:\diego.seronato\ProjectBuilder\entrega\assets\ckeditor\plugins\imageuploader\lang\lang.php
Arquivo excluído - C:\diego.seronato\ProjectBuilder\entrega\assets\ckeditor\plugins\imageuploader\lang\pl.php
Arquivo excluído - C:\diego.seronato\ProjectBuilder\entrega\assets\ckeditor\plugins\imageuploader\uploads\placeholder.jpg
Arquivo excluído - C:\diego.seronato\ProjectBuilder\entrega\assets\ckeditor\plugins\link\dialogs\anchor.js
Arquivo excluído - C:\diego.seronato\ProjectBuilder\entrega\assets\ckeditor\plugins\link\dialogs\link.js
Arquivo excluído - C:\diego.seronato\ProjectBuilder\entrega\assets\ckeditor\plugins\link\images\anchor.png
Arquivo excluído - C:\diego.seronato\ProjectBuilder\entrega\assets\ckeditor\plugins\link\images\hidpi\anchor.png
Arquivo excluído - C:\diego.seronato\ProjectBuilder\entrega\assets\ckeditor\plugins\liststyle\dialogs\liststyle.js
Arquivo excluído - C:\diego.seronato\ProjectBuilder\entrega\assets\ckeditor\plugins\magicline\images\icon-rtl.png
Arquivo excluído - C:\diego.seronato\ProjectBuilder\entrega\assets\ckeditor\plugins\magicline\images\icon.png
Arquivo excluído - C:\diego.seronato\ProjectBuilder\entrega\assets\ckeditor\plugins\magicline\images\hidpi\icon-rtl.png
Arquivo excluído - C:\diego.seronato\ProjectBuilder\entrega\assets\ckeditor\plugins\magicline\images\hidpi\icon.png
Arquivo excluído - C:\diego.seronato\ProjectBuilder\entrega\assets\ckeditor\plugins\pagebreak\images\pagebreak.gif
Arquivo excluído - C:\diego.seronato\ProjectBuilder\entrega\assets\ckeditor\plugins\pastebase64\plugin.js
Arquivo excluído - C:\diego.seronato\ProjectBuilder\entrega\assets\ckeditor\plugins\pastefromword\filter\default.js
Arquivo excluído - C:\diego.seronato\ProjectBuilder\entrega\assets\ckeditor\plugins\preview\preview.html
Arquivo excluído - C:\diego.seronato\ProjectBuilder\entrega\assets\ckeditor\plugins\scayt\CHANGELOG.md
Arquivo excluído - C:\diego.seronato\ProjectBuilder\entrega\assets\ckeditor\plugins\scayt\LICENSE.md
Arquivo excluído - C:\diego.seronato\ProjectBuilder\entrega\assets\ckeditor\plugins\scayt\README.md
Arquivo excluído - C:\diego.seronato\ProjectBuilder\entrega\assets\ckeditor\plugins\scayt\dialogs\dialog.css
Arquivo excluído - C:\diego.seronato\ProjectBuilder\entrega\assets\ckeditor\plugins\scayt\dialogs\options.js
Arquivo excluído - C:\diego.seronato\ProjectBuilder\entrega\assets\ckeditor\plugins\scayt\dialogs\toolbar.css
Arquivo excluído - C:\diego.seronato\ProjectBuilder\entrega\assets\ckeditor\plugins\scayt\skins\moono-lisa\scayt.css
Arquivo excluído - C:\diego.seronato\ProjectBuilder\entrega\assets\ckeditor\plugins\showblocks\images\block_address.png
Arquivo excluído - C:\diego.seronato\ProjectBuilder\entrega\assets\ckeditor\plugins\showblocks\images\block_blockquote.png
Arquivo excluído - C:\diego.seronato\ProjectBuilder\entrega\assets\ckeditor\plugins\showblocks\images\block_div.png
Arquivo excluído - C:\diego.seronato\ProjectBuilder\entrega\assets\ckeditor\plugins\showblocks\images\block_h1.png
Arquivo excluído - C:\diego.seronato\ProjectBuilder\entrega\assets\ckeditor\plugins\showblocks\images\block_h2.png
Arquivo excluído - C:\diego.seronato\ProjectBuilder\entrega\assets\ckeditor\plugins\showblocks\images\block_h3.png
Arquivo excluído - C:\diego.seronato\ProjectBuilder\entrega\assets\ckeditor\plugins\showblocks\images\block_h4.png
Arquivo excluído - C:\diego.seronato\ProjectBuilder\entrega\assets\ckeditor\plugins\showblocks\images\block_h5.png
Arquivo excluído - C:\diego.seronato\ProjectBuilder\entrega\assets\ckeditor\plugins\showblocks\images\block_h6.png
Arquivo excluído - C:\diego.seronato\ProjectBuilder\entrega\assets\ckeditor\plugins\showblocks\images\block_p.png
Arquivo excluído - C:\diego.seronato\ProjectBuilder\entrega\assets\ckeditor\plugins\showblocks\images\block_pre.png
Arquivo excluído - C:\diego.seronato\ProjectBuilder\entrega\assets\ckeditor\plugins\SimpleImage\LICENSE
Arquivo excluído - C:\diego.seronato\ProjectBuilder\entrega\assets\ckeditor\plugins\SimpleImage\plugin.js
Arquivo excluído - C:\diego.seronato\ProjectBuilder\entrega\assets\ckeditor\plugins\SimpleImage\README.md
Arquivo excluído - C:\diego.seronato\ProjectBuilder\entrega\assets\ckeditor\plugins\SimpleImage\dialogs\simpleimage.js
Arquivo excluído - C:\diego.seronato\ProjectBuilder\entrega\assets\ckeditor\plugins\SimpleImage\icons\simpleimage.png
Arquivo excluído - C:\diego.seronato\ProjectBuilder\entrega\assets\ckeditor\plugins\smiley\dialogs\smiley.js
Arquivo excluído - C:\diego.seronato\ProjectBuilder\entrega\assets\ckeditor\plugins\smiley\images\angel_smile.gif
Arquivo excluído - C:\diego.seronato\ProjectBuilder\entrega\assets\ckeditor\plugins\smiley\images\angel_smile.png
Arquivo excluído - C:\diego.seronato\ProjectBuilder\entrega\assets\ckeditor\plugins\smiley\images\angry_smile.gif
Arquivo excluído - C:\diego.seronato\ProjectBuilder\entrega\assets\ckeditor\plugins\smiley\images\angry_smile.png
Arquivo excluído - C:\diego.seronato\ProjectBuilder\entrega\assets\ckeditor\plugins\smiley\images\broken_heart.gif
Arquivo excluído - C:\diego.seronato\ProjectBuilder\entrega\assets\ckeditor\plugins\smiley\images\broken_heart.png
Arquivo excluído - C:\diego.seronato\ProjectBuilder\entrega\assets\ckeditor\plugins\smiley\images\confused_smile.gif
Arquivo excluído - C:\diego.seronato\ProjectBuilder\entrega\assets\ckeditor\plugins\smiley\images\confused_smile.png
Arquivo excluído - C:\diego.seronato\ProjectBuilder\entrega\assets\ckeditor\plugins\smiley\images\cry_smile.gif
Arquivo excluído - C:\diego.seronato\ProjectBuilder\entrega\assets\ckeditor\plugins\smiley\images\cry_smile.png
Arquivo excluído - C:\diego.seronato\ProjectBuilder\entrega\assets\ckeditor\plugins\smiley\images\devil_smile.gif
Arquivo excluído - C:\diego.seronato\ProjectBuilder\entrega\assets\ckeditor\plugins\smiley\images\devil_smile.png
Arquivo excluído - C:\diego.seronato\ProjectBuilder\entrega\assets\ckeditor\plugins\smiley\images\embaressed_smile.gif
Arquivo excluído - C:\diego.seronato\ProjectBuilder\entrega\assets\ckeditor\plugins\smiley\images\embarrassed_smile.gif
Arquivo excluído - C:\diego.seronato\ProjectBuilder\entrega\assets\ckeditor\plugins\smiley\images\embarrassed_smile.png
Arquivo excluído - C:\diego.seronato\ProjectBuilder\entrega\assets\ckeditor\plugins\smiley\images\envelope.gif
Arquivo excluído - C:\diego.seronato\ProjectBuilder\entrega\assets\ckeditor\plugins\smiley\images\envelope.png
Arquivo excluído - C:\diego.seronato\ProjectBuilder\entrega\assets\ckeditor\plugins\smiley\images\heart.gif
Arquivo excluído - C:\diego.seronato\ProjectBuilder\entrega\assets\ckeditor\plugins\smiley\images\heart.png
Arquivo excluído - C:\diego.seronato\ProjectBuilder\entrega\assets\ckeditor\plugins\smiley\images\kiss.gif
Arquivo excluído - C:\diego.seronato\ProjectBuilder\entrega\assets\ckeditor\plugins\smiley\images\kiss.png
Arquivo excluído - C:\diego.seronato\ProjectBuilder\entrega\assets\ckeditor\plugins\smiley\images\lightbulb.gif
Arquivo excluído - C:\diego.seronato\ProjectBuilder\entrega\assets\ckeditor\plugins\smiley\images\lightbulb.png
Arquivo excluído - C:\diego.seronato\ProjectBuilder\entrega\assets\ckeditor\plugins\smiley\images\omg_smile.gif
Arquivo excluído - C:\diego.seronato\ProjectBuilder\entrega\assets\ckeditor\plugins\smiley\images\omg_smile.png
Arquivo excluído - C:\diego.seronato\ProjectBuilder\entrega\assets\ckeditor\plugins\smiley\images\regular_smile.gif
Arquivo excluído - C:\diego.seronato\ProjectBuilder\entrega\assets\ckeditor\plugins\smiley\images\regular_smile.png
Arquivo excluído - C:\diego.seronato\ProjectBuilder\entrega\assets\ckeditor\plugins\smiley\images\sad_smile.gif
Arquivo excluído - C:\diego.seronato\ProjectBuilder\entrega\assets\ckeditor\plugins\smiley\images\sad_smile.png
Arquivo excluído - C:\diego.seronato\ProjectBuilder\entrega\assets\ckeditor\plugins\smiley\images\shades_smile.gif
Arquivo excluído - C:\diego.seronato\ProjectBuilder\entrega\assets\ckeditor\plugins\smiley\images\shades_smile.png
Arquivo excluído - C:\diego.seronato\ProjectBuilder\entrega\assets\ckeditor\plugins\smiley\images\teeth_smile.gif
Arquivo excluído - C:\diego.seronato\ProjectBuilder\entrega\assets\ckeditor\plugins\smiley\images\teeth_smile.png
Arquivo excluído - C:\diego.seronato\ProjectBuilder\entrega\assets\ckeditor\plugins\smiley\images\thumbs_down.gif
Arquivo excluído - C:\diego.seronato\ProjectBuilder\entrega\assets\ckeditor\plugins\smiley\images\thumbs_down.png
Arquivo excluído - C:\diego.seronato\ProjectBuilder\entrega\assets\ckeditor\plugins\smiley\images\thumbs_up.gif
Arquivo excluído - C:\diego.seronato\ProjectBuilder\entrega\assets\ckeditor\plugins\smiley\images\thumbs_up.png
Arquivo excluído - C:\diego.seronato\ProjectBuilder\entrega\assets\ckeditor\plugins\smiley\images\tongue_smile.gif
Arquivo excluído - C:\diego.seronato\ProjectBuilder\entrega\assets\ckeditor\plugins\smiley\images\tongue_smile.png
Arquivo excluído - C:\diego.seronato\ProjectBuilder\entrega\assets\ckeditor\plugins\smiley\images\tounge_smile.gif
Arquivo excluído - C:\diego.seronato\ProjectBuilder\entrega\assets\ckeditor\plugins\smiley\images\whatchutalkingabout_smile.gif
Arquivo excluído - C:\diego.seronato\ProjectBuilder\entrega\assets\ckeditor\plugins\smiley\images\whatchutalkingabout_smile.png
Arquivo excluído - C:\diego.seronato\ProjectBuilder\entrega\assets\ckeditor\plugins\smiley\images\wink_smile.gif
Arquivo excluído - C:\diego.seronato\ProjectBuilder\entrega\assets\ckeditor\plugins\smiley\images\wink_smile.png
Arquivo excluído - C:\diego.seronato\ProjectBuilder\entrega\assets\ckeditor\plugins\specialchar\dialogs\specialchar.js
Arquivo excluído - C:\diego.seronato\ProjectBuilder\entrega\assets\ckeditor\plugins\specialchar\dialogs\lang\af.js
Arquivo excluído - C:\diego.seronato\ProjectBuilder\entrega\assets\ckeditor\plugins\specialchar\dialogs\lang\ar.js
Arquivo excluído - C:\diego.seronato\ProjectBuilder\entrega\assets\ckeditor\plugins\specialchar\dialogs\lang\az.js
Arquivo excluído - C:\diego.seronato\ProjectBuilder\entrega\assets\ckeditor\plugins\specialchar\dialogs\lang\bg.js
Arquivo excluído - C:\diego.seronato\ProjectBuilder\entrega\assets\ckeditor\plugins\specialchar\dialogs\lang\ca.js
Arquivo excluído - C:\diego.seronato\ProjectBuilder\entrega\assets\ckeditor\plugins\specialchar\dialogs\lang\cs.js
Arquivo excluído - C:\diego.seronato\ProjectBuilder\entrega\assets\ckeditor\plugins\specialchar\dialogs\lang\cy.js
Arquivo excluído - C:\diego.seronato\ProjectBuilder\entrega\assets\ckeditor\plugins\specialchar\dialogs\lang\da.js
Arquivo excluído - C:\diego.seronato\ProjectBuilder\entrega\assets\ckeditor\plugins\specialchar\dialogs\lang\de-ch.js
Arquivo excluído - C:\diego.seronato\ProjectBuilder\entrega\assets\ckeditor\plugins\specialchar\dialogs\lang\de.js
Arquivo excluído - C:\diego.seronato\ProjectBuilder\entrega\assets\ckeditor\plugins\specialchar\dialogs\lang\el.js
Arquivo excluído - C:\diego.seronato\ProjectBuilder\entrega\assets\ckeditor\plugins\specialchar\dialogs\lang\en-au.js
Arquivo excluído - C:\diego.seronato\ProjectBuilder\entrega\assets\ckeditor\plugins\specialchar\dialogs\lang\en-ca.js
Arquivo excluído - C:\diego.seronato\ProjectBuilder\entrega\assets\ckeditor\plugins\specialchar\dialogs\lang\en-gb.js
Arquivo excluído - C:\diego.seronato\ProjectBuilder\entrega\assets\ckeditor\plugins\specialchar\dialogs\lang\en.js
Arquivo excluído - C:\diego.seronato\ProjectBuilder\entrega\assets\ckeditor\plugins\specialchar\dialogs\lang\eo.js
Arquivo excluído - C:\diego.seronato\ProjectBuilder\entrega\assets\ckeditor\plugins\specialchar\dialogs\lang\es-mx.js
Arquivo excluído - C:\diego.seronato\ProjectBuilder\entrega\assets\ckeditor\plugins\specialchar\dialogs\lang\es.js
Arquivo excluído - C:\diego.seronato\ProjectBuilder\entrega\assets\ckeditor\plugins\specialchar\dialogs\lang\et.js
Arquivo excluído - C:\diego.seronato\ProjectBuilder\entrega\assets\ckeditor\plugins\specialchar\dialogs\lang\eu.js
Arquivo excluído - C:\diego.seronato\ProjectBuilder\entrega\assets\ckeditor\plugins\specialchar\dialogs\lang\fa.js
Arquivo excluído - C:\diego.seronato\ProjectBuilder\entrega\assets\ckeditor\plugins\specialchar\dialogs\lang\fi.js
Arquivo excluído - C:\diego.seronato\ProjectBuilder\entrega\assets\ckeditor\plugins\specialchar\dialogs\lang\fr-ca.js
Arquivo excluído - C:\diego.seronato\ProjectBuilder\entrega\assets\ckeditor\plugins\specialchar\dialogs\lang\fr.js
Arquivo excluído - C:\diego.seronato\ProjectBuilder\entrega\assets\ckeditor\plugins\specialchar\dialogs\lang\gl.js
Arquivo excluído - C:\diego.seronato\ProjectBuilder\entrega\assets\ckeditor\plugins\specialchar\dialogs\lang\he.js
Arquivo excluído - C:\diego.seronato\ProjectBuilder\entrega\assets\ckeditor\plugins\specialchar\dialogs\lang\hr.js
Arquivo excluído - C:\diego.seronato\ProjectBuilder\entrega\assets\ckeditor\plugins\specialchar\dialogs\lang\hu.js
Arquivo excluído - C:\diego.seronato\ProjectBuilder\entrega\assets\ckeditor\plugins\specialchar\dialogs\lang\id.js
Arquivo excluído - C:\diego.seronato\ProjectBuilder\entrega\assets\ckeditor\plugins\specialchar\dialogs\lang\it.js
Arquivo excluído - C:\diego.seronato\ProjectBuilder\entrega\assets\ckeditor\plugins\specialchar\dialogs\lang\ja.js
Arquivo excluído - C:\diego.seronato\ProjectBuilder\entrega\assets\ckeditor\plugins\specialchar\dialogs\lang\km.js
Arquivo excluído - C:\diego.seronato\ProjectBuilder\entrega\assets\ckeditor\plugins\specialchar\dialogs\lang\ko.js
Arquivo excluído - C:\diego.seronato\ProjectBuilder\entrega\assets\ckeditor\plugins\specialchar\dialogs\lang\ku.js
Arquivo excluído - C:\diego.seronato\ProjectBuilder\entrega\assets\ckeditor\plugins\specialchar\dialogs\lang\lt.js
Arquivo excluído - C:\diego.seronato\ProjectBuilder\entrega\assets\ckeditor\plugins\specialchar\dialogs\lang\lv.js
Arquivo excluído - C:\diego.seronato\ProjectBuilder\entrega\assets\ckeditor\plugins\specialchar\dialogs\lang\nb.js
Arquivo excluído - C:\diego.seronato\ProjectBuilder\entrega\assets\ckeditor\plugins\specialchar\dialogs\lang\nl.js
Arquivo excluído - C:\diego.seronato\ProjectBuilder\entrega\assets\ckeditor\plugins\specialchar\dialogs\lang\no.js
Arquivo excluído - C:\diego.seronato\ProjectBuilder\entrega\assets\ckeditor\plugins\specialchar\dialogs\lang\oc.js
Arquivo excluído - C:\diego.seronato\ProjectBuilder\entrega\assets\ckeditor\plugins\specialchar\dialogs\lang\pl.js
Arquivo excluído - C:\diego.seronato\ProjectBuilder\entrega\assets\ckeditor\plugins\specialchar\dialogs\lang\pt-br.js
Arquivo excluído - C:\diego.seronato\ProjectBuilder\entrega\assets\ckeditor\plugins\specialchar\dialogs\lang\pt.js
Arquivo excluído - C:\diego.seronato\ProjectBuilder\entrega\assets\ckeditor\plugins\specialchar\dialogs\lang\ro.js
Arquivo excluído - C:\diego.seronato\ProjectBuilder\entrega\assets\ckeditor\plugins\specialchar\dialogs\lang\ru.js
Arquivo excluído - C:\diego.seronato\ProjectBuilder\entrega\assets\ckeditor\plugins\specialchar\dialogs\lang\si.js
Arquivo excluído - C:\diego.seronato\ProjectBuilder\entrega\assets\ckeditor\plugins\specialchar\dialogs\lang\sk.js
Arquivo excluído - C:\diego.seronato\ProjectBuilder\entrega\assets\ckeditor\plugins\specialchar\dialogs\lang\sl.js
Arquivo excluído - C:\diego.seronato\ProjectBuilder\entrega\assets\ckeditor\plugins\specialchar\dialogs\lang\sq.js
Arquivo excluído - C:\diego.seronato\ProjectBuilder\entrega\assets\ckeditor\plugins\specialchar\dialogs\lang\sv.js
Arquivo excluído - C:\diego.seronato\ProjectBuilder\entrega\assets\ckeditor\plugins\specialchar\dialogs\lang\th.js
Arquivo excluído - C:\diego.seronato\ProjectBuilder\entrega\assets\ckeditor\plugins\specialchar\dialogs\lang\tr.js
Arquivo excluído - C:\diego.seronato\ProjectBuilder\entrega\assets\ckeditor\plugins\specialchar\dialogs\lang\tt.js
Arquivo excluído - C:\diego.seronato\ProjectBuilder\entrega\assets\ckeditor\plugins\specialchar\dialogs\lang\ug.js
Arquivo excluído - C:\diego.seronato\ProjectBuilder\entrega\assets\ckeditor\plugins\specialchar\dialogs\lang\uk.js
Arquivo excluído - C:\diego.seronato\ProjectBuilder\entrega\assets\ckeditor\plugins\specialchar\dialogs\lang\vi.js
Arquivo excluído - C:\diego.seronato\ProjectBuilder\entrega\assets\ckeditor\plugins\specialchar\dialogs\lang\zh-cn.js
Arquivo excluído - C:\diego.seronato\ProjectBuilder\entrega\assets\ckeditor\plugins\specialchar\dialogs\lang\zh.js
Arquivo excluído - C:\diego.seronato\ProjectBuilder\entrega\assets\ckeditor\plugins\specialchar\dialogs\lang\_translationstatus.txt
Arquivo excluído - C:\diego.seronato\ProjectBuilder\entrega\assets\ckeditor\plugins\table\dialogs\table.js
Arquivo excluído - C:\diego.seronato\ProjectBuilder\entrega\assets\ckeditor\plugins\tableselection\styles\tableselection.css
Arquivo excluído - C:\diego.seronato\ProjectBuilder\entrega\assets\ckeditor\plugins\tabletools\dialogs\tableCell.js
Arquivo excluído - C:\diego.seronato\ProjectBuilder\entrega\assets\ckeditor\plugins\templates\dialogs\templates.css
Arquivo excluído - C:\diego.seronato\ProjectBuilder\entrega\assets\ckeditor\plugins\templates\dialogs\templates.js
Arquivo excluído - C:\diego.seronato\ProjectBuilder\entrega\assets\ckeditor\plugins\templates\templates\default.js
Arquivo excluído - C:\diego.seronato\ProjectBuilder\entrega\assets\ckeditor\plugins\templates\templates\images\template1.gif
Arquivo excluído - C:\diego.seronato\ProjectBuilder\entrega\assets\ckeditor\plugins\templates\templates\images\template2.gif
Arquivo excluído - C:\diego.seronato\ProjectBuilder\entrega\assets\ckeditor\plugins\templates\templates\images\template3.gif
Arquivo excluído - C:\diego.seronato\ProjectBuilder\entrega\assets\ckeditor\plugins\timestamp\plugin.js
Arquivo excluído - C:\diego.seronato\ProjectBuilder\entrega\assets\ckeditor\plugins\timestamp\icons\timestamp.png
Arquivo excluído - C:\diego.seronato\ProjectBuilder\entrega\assets\ckeditor\plugins\widget\images\handle.png
Arquivo excluído - C:\diego.seronato\ProjectBuilder\entrega\assets\ckeditor\plugins\wsc\LICENSE.md
Arquivo excluído - C:\diego.seronato\ProjectBuilder\entrega\assets\ckeditor\plugins\wsc\README.md
Arquivo excluído - C:\diego.seronato\ProjectBuilder\entrega\assets\ckeditor\plugins\wsc\dialogs\ciframe.html
Arquivo excluído - C:\diego.seronato\ProjectBuilder\entrega\assets\ckeditor\plugins\wsc\dialogs\tmpFrameset.html
Arquivo excluído - C:\diego.seronato\ProjectBuilder\entrega\assets\ckeditor\plugins\wsc\dialogs\wsc.css
Arquivo excluído - C:\diego.seronato\ProjectBuilder\entrega\assets\ckeditor\plugins\wsc\dialogs\wsc.js
Arquivo excluído - C:\diego.seronato\ProjectBuilder\entrega\assets\ckeditor\plugins\wsc\dialogs\wsc_ie.js
Arquivo excluído - C:\diego.seronato\ProjectBuilder\entrega\assets\ckeditor\plugins\wsc\skins\moono-lisa\wsc.css
Arquivo excluído - C:\diego.seronato\ProjectBuilder\entrega\assets\ckeditor\samples\index.html
Arquivo excluído - C:\diego.seronato\ProjectBuilder\entrega\assets\ckeditor\samples\css\samples.css
Arquivo excluído - C:\diego.seronato\ProjectBuilder\entrega\assets\ckeditor\samples\img\github-top.png
Arquivo excluído - C:\diego.seronato\ProjectBuilder\entrega\assets\ckeditor\samples\img\header-bg.png
Arquivo excluído - C:\diego.seronato\ProjectBuilder\entrega\assets\ckeditor\samples\img\header-separator.png
Arquivo excluído - C:\diego.seronato\ProjectBuilder\entrega\assets\ckeditor\samples\img\logo.png
Arquivo excluído - C:\diego.seronato\ProjectBuilder\entrega\assets\ckeditor\samples\img\logo.svg
Arquivo excluído - C:\diego.seronato\ProjectBuilder\entrega\assets\ckeditor\samples\img\navigation-tip.png
Arquivo excluído - C:\diego.seronato\ProjectBuilder\entrega\assets\ckeditor\samples\js\sample.js
Arquivo excluído - C:\diego.seronato\ProjectBuilder\entrega\assets\ckeditor\samples\js\sf.js
Arquivo excluído - C:\diego.seronato\ProjectBuilder\entrega\assets\ckeditor\samples\toolbarconfigurator\index.html
Arquivo excluído - C:\diego.seronato\ProjectBuilder\entrega\assets\ckeditor\samples\toolbarconfigurator\css\fontello.css
Arquivo excluído - C:\diego.seronato\ProjectBuilder\entrega\assets\ckeditor\samples\toolbarconfigurator\font\config.json
Arquivo excluído - C:\diego.seronato\ProjectBuilder\entrega\assets\ckeditor\samples\toolbarconfigurator\font\fontello.eot
Arquivo excluído - C:\diego.seronato\ProjectBuilder\entrega\assets\ckeditor\samples\toolbarconfigurator\font\fontello.svg
Arquivo excluído - C:\diego.seronato\ProjectBuilder\entrega\assets\ckeditor\samples\toolbarconfigurator\font\fontello.ttf
Arquivo excluído - C:\diego.seronato\ProjectBuilder\entrega\assets\ckeditor\samples\toolbarconfigurator\font\fontello.woff
Arquivo excluído - C:\diego.seronato\ProjectBuilder\entrega\assets\ckeditor\samples\toolbarconfigurator\font\LICENSE.txt
Arquivo excluído - C:\diego.seronato\ProjectBuilder\entrega\assets\ckeditor\samples\toolbarconfigurator\js\abstracttoolbarmodifier.js
Arquivo excluído - C:\diego.seronato\ProjectBuilder\entrega\assets\ckeditor\samples\toolbarconfigurator\js\fulltoolbareditor.js
Arquivo excluído - C:\diego.seronato\ProjectBuilder\entrega\assets\ckeditor\samples\toolbarconfigurator\js\toolbarmodifier.js
Arquivo excluído - C:\diego.seronato\ProjectBuilder\entrega\assets\ckeditor\samples\toolbarconfigurator\js\toolbartextmodifier.js
Arquivo excluído - C:\diego.seronato\ProjectBuilder\entrega\assets\ckeditor\samples\toolbarconfigurator\lib\codemirror\codemirror.css
Arquivo excluído - C:\diego.seronato\ProjectBuilder\entrega\assets\ckeditor\samples\toolbarconfigurator\lib\codemirror\codemirror.js
Arquivo excluído - C:\diego.seronato\ProjectBuilder\entrega\assets\ckeditor\samples\toolbarconfigurator\lib\codemirror\javascript.js
Arquivo excluído - C:\diego.seronato\ProjectBuilder\entrega\assets\ckeditor\samples\toolbarconfigurator\lib\codemirror\LICENSE
Arquivo excluído - C:\diego.seronato\ProjectBuilder\entrega\assets\ckeditor\samples\toolbarconfigurator\lib\codemirror\neo.css
Arquivo excluído - C:\diego.seronato\ProjectBuilder\entrega\assets\ckeditor\samples\toolbarconfigurator\lib\codemirror\show-hint.css
Arquivo excluído - C:\diego.seronato\ProjectBuilder\entrega\assets\ckeditor\samples\toolbarconfigurator\lib\codemirror\show-hint.js
Arquivo excluído - C:\diego.seronato\ProjectBuilder\entrega\assets\ckeditor\skins\moono-lisa\dialog.css
Arquivo excluído - C:\diego.seronato\ProjectBuilder\entrega\assets\ckeditor\skins\moono-lisa\dialog_ie.css
Arquivo excluído - C:\diego.seronato\ProjectBuilder\entrega\assets\ckeditor\skins\moono-lisa\dialog_ie8.css
Arquivo excluído - C:\diego.seronato\ProjectBuilder\entrega\assets\ckeditor\skins\moono-lisa\dialog_iequirks.css
Arquivo excluído - C:\diego.seronato\ProjectBuilder\entrega\assets\ckeditor\skins\moono-lisa\editor.css
Arquivo excluído - C:\diego.seronato\ProjectBuilder\entrega\assets\ckeditor\skins\moono-lisa\editor_gecko.css
Arquivo excluído - C:\diego.seronato\ProjectBuilder\entrega\assets\ckeditor\skins\moono-lisa\editor_ie.css
Arquivo excluído - C:\diego.seronato\ProjectBuilder\entrega\assets\ckeditor\skins\moono-lisa\editor_ie8.css
Arquivo excluído - C:\diego.seronato\ProjectBuilder\entrega\assets\ckeditor\skins\moono-lisa\editor_iequirks.css
Arquivo excluído - C:\diego.seronato\ProjectBuilder\entrega\assets\ckeditor\skins\moono-lisa\icons.png
Arquivo excluído - C:\diego.seronato\ProjectBuilder\entrega\assets\ckeditor\skins\moono-lisa\icons_hidpi.png
Arquivo excluído - C:\diego.seronato\ProjectBuilder\entrega\assets\ckeditor\skins\moono-lisa\readme.md
Arquivo excluído - C:\diego.seronato\ProjectBuilder\entrega\assets\ckeditor\skins\moono-lisa\images\arrow.png
Arquivo excluído - C:\diego.seronato\ProjectBuilder\entrega\assets\ckeditor\skins\moono-lisa\images\close.png
Arquivo excluído - C:\diego.seronato\ProjectBuilder\entrega\assets\ckeditor\skins\moono-lisa\images\lock-open.png
Arquivo excluído - C:\diego.seronato\ProjectBuilder\entrega\assets\ckeditor\skins\moono-lisa\images\lock.png
Arquivo excluído - C:\diego.seronato\ProjectBuilder\entrega\assets\ckeditor\skins\moono-lisa\images\refresh.png
Arquivo excluído - C:\diego.seronato\ProjectBuilder\entrega\assets\ckeditor\skins\moono-lisa\images\spinner.gif
Arquivo excluído - C:\diego.seronato\ProjectBuilder\entrega\assets\ckeditor\skins\moono-lisa\images\hidpi\close.png
Arquivo excluído - C:\diego.seronato\ProjectBuilder\entrega\assets\ckeditor\skins\moono-lisa\images\hidpi\lock-open.png
Arquivo excluído - C:\diego.seronato\ProjectBuilder\entrega\assets\ckeditor\skins\moono-lisa\images\hidpi\lock.png
Arquivo excluído - C:\diego.seronato\ProjectBuilder\entrega\assets\ckeditor\skins\moono-lisa\images\hidpi\refresh.png
Arquivo excluído - C:\diego.seronato\ProjectBuilder\entrega\assets\custom\cust-info-common-header-field-mapping.json
Arquivo excluído - C:\diego.seronato\ProjectBuilder\entrega\assets\fonts\fontawesome-webfont.eot
Arquivo excluído - C:\diego.seronato\ProjectBuilder\entrega\assets\fonts\fontawesome-webfont.svg
Arquivo excluído - C:\diego.seronato\ProjectBuilder\entrega\assets\fonts\fontawesome-webfont.ttf
Arquivo excluído - C:\diego.seronato\ProjectBuilder\entrega\assets\fonts\fontawesome-webfont.woff
Arquivo excluído - C:\diego.seronato\ProjectBuilder\entrega\assets\fonts\fontawesome-webfont.woff2
Arquivo excluído - C:\diego.seronato\ProjectBuilder\entrega\assets\fonts\FontAwesome.otf
Arquivo excluído - C:\diego.seronato\ProjectBuilder\entrega\assets\fonts\ssp-italic.ttf
Arquivo excluído - C:\diego.seronato\ProjectBuilder\entrega\assets\fonts\ssp-regular.ttf
Arquivo excluído - C:\diego.seronato\ProjectBuilder\entrega\assets\fonts\ssp-semibold.ttf
Arquivo excluído - C:\diego.seronato\ProjectBuilder\entrega\assets\fonts\ssp-semibolditalic.ttf
Arquivo excluído - C:\diego.seronato\ProjectBuilder\entrega\assets\fonts\Roboto\Roboto-Regular-webfont.eot
Arquivo excluído - C:\diego.seronato\ProjectBuilder\entrega\assets\fonts\Roboto\Roboto-Regular-webfont.svg
Arquivo excluído - C:\diego.seronato\ProjectBuilder\entrega\assets\fonts\Roboto\Roboto-Regular-webfont.ttf
Arquivo excluído - C:\diego.seronato\ProjectBuilder\entrega\assets\fonts\Roboto\Roboto-Regular-webfont.woff
Arquivo excluído - C:\diego.seronato\ProjectBuilder\entrega\assets\i18n\en.json
Arquivo excluído - C:\diego.seronato\ProjectBuilder\entrega\assets\i18n\enGB.json
Arquivo excluído - C:\diego.seronato\ProjectBuilder\entrega\assets\i18n\enGBLocalisation.json
Arquivo excluído - C:\diego.seronato\ProjectBuilder\entrega\assets\i18n\enUS.json
Arquivo excluído - C:\diego.seronato\ProjectBuilder\entrega\assets\i18n\enUSLocalisation.json
Arquivo excluído - C:\diego.seronato\ProjectBuilder\entrega\assets\i18n\pt.json
Arquivo excluído - C:\diego.seronato\ProjectBuilder\entrega\assets\i18n\ptBR.json
Arquivo excluído - C:\diego.seronato\ProjectBuilder\entrega\assets\i18n\ptBRLocalisation.json
Arquivo excluído - C:\diego.seronato\ProjectBuilder\entrega\assets\i18n\sp.json
Arquivo excluído - C:\diego.seronato\ProjectBuilder\entrega\assets\i18n\spMX.json
Arquivo excluído - C:\diego.seronato\ProjectBuilder\entrega\assets\i18n\spMXLocalisation.json
Arquivo excluído - C:\diego.seronato\ProjectBuilder\entrega\assets\i18n\bureau\enGB.json
Arquivo excluído - C:\diego.seronato\ProjectBuilder\entrega\assets\i18n\bureau\enUS.json
Arquivo excluído - C:\diego.seronato\ProjectBuilder\entrega\assets\i18n\bureau\ptBR.json
Arquivo excluído - C:\diego.seronato\ProjectBuilder\entrega\assets\i18n\bureau\spMX.json
Arquivo excluído - C:\diego.seronato\ProjectBuilder\entrega\assets\i18n\criteriosrem\enGB.json
Arquivo excluído - C:\diego.seronato\ProjectBuilder\entrega\assets\i18n\criteriosrem\enUS.json
Arquivo excluído - C:\diego.seronato\ProjectBuilder\entrega\assets\i18n\criteriosrem\ptBR.json
Arquivo excluído - C:\diego.seronato\ProjectBuilder\entrega\assets\i18n\criteriosrem\spMX.json
Arquivo excluído - C:\diego.seronato\ProjectBuilder\entrega\assets\i18n\empresa-bureau\enUS.json
Arquivo excluído - C:\diego.seronato\ProjectBuilder\entrega\assets\i18n\empresa-bureau\ptBR.json
Arquivo excluído - C:\diego.seronato\ProjectBuilder\entrega\assets\i18n\empresa-bureau\spMX.json
Arquivo excluído - C:\diego.seronato\ProjectBuilder\entrega\assets\i18n\empresas\enUS.json
Arquivo excluído - C:\diego.seronato\ProjectBuilder\entrega\assets\i18n\empresas\ptBR.json
Arquivo excluído - C:\diego.seronato\ProjectBuilder\entrega\assets\i18n\empresas\spMX.json
Arquivo excluído - C:\diego.seronato\ProjectBuilder\entrega\assets\i18n\extrator-web\enGB.json
Arquivo excluído - C:\diego.seronato\ProjectBuilder\entrega\assets\i18n\extrator-web\enUS.json
Arquivo excluído - C:\diego.seronato\ProjectBuilder\entrega\assets\i18n\extrator-web\ptBR.json
Arquivo excluído - C:\diego.seronato\ProjectBuilder\entrega\assets\i18n\extrator-web\spMX.json
Arquivo excluído - C:\diego.seronato\ProjectBuilder\entrega\assets\i18n\fasecobranca\enUS.json
Arquivo excluído - C:\diego.seronato\ProjectBuilder\entrega\assets\i18n\fasecobranca\ptBR.json
Arquivo excluído - C:\diego.seronato\ProjectBuilder\entrega\assets\i18n\fasecobranca\spMX.json
Arquivo excluído - C:\diego.seronato\ProjectBuilder\entrega\assets\i18n\fechamentosrem\enUS.json
Arquivo excluído - C:\diego.seronato\ProjectBuilder\entrega\assets\i18n\fechamentosrem\ptBR.json
Arquivo excluído - C:\diego.seronato\ProjectBuilder\entrega\assets\i18n\fechamentosrem\spMX.json
Arquivo excluído - C:\diego.seronato\ProjectBuilder\entrega\assets\i18n\historico\enGB.json
Arquivo excluído - C:\diego.seronato\ProjectBuilder\entrega\assets\i18n\historico\enUS.json
Arquivo excluído - C:\diego.seronato\ProjectBuilder\entrega\assets\i18n\historico\ptBR.json
Arquivo excluído - C:\diego.seronato\ProjectBuilder\entrega\assets\i18n\historico\spMX.json
Arquivo excluído - C:\diego.seronato\ProjectBuilder\entrega\assets\i18n\localizacao-contrato\enGB.json
Arquivo excluído - C:\diego.seronato\ProjectBuilder\entrega\assets\i18n\localizacao-contrato\enUS.json
Arquivo excluído - C:\diego.seronato\ProjectBuilder\entrega\assets\i18n\localizacao-contrato\ptBR.json
Arquivo excluído - C:\diego.seronato\ProjectBuilder\entrega\assets\i18n\localizacao-contrato\spMX.json
Arquivo excluído - C:\diego.seronato\ProjectBuilder\entrega\assets\i18n\politica\enGB.json
Arquivo excluído - C:\diego.seronato\ProjectBuilder\entrega\assets\i18n\politica\enUS.json
Arquivo excluído - C:\diego.seronato\ProjectBuilder\entrega\assets\i18n\politica\ptBR.json
Arquivo excluído - C:\diego.seronato\ProjectBuilder\entrega\assets\i18n\politica\spMX.json
Arquivo excluído - C:\diego.seronato\ProjectBuilder\entrega\assets\i18n\updownload\enUS.json
Arquivo excluído - C:\diego.seronato\ProjectBuilder\entrega\assets\i18n\updownload\ptBR.json
Arquivo excluído - C:\diego.seronato\ProjectBuilder\entrega\assets\i18n\updownload\spMX.json
Arquivo excluído - C:\diego.seronato\ProjectBuilder\entrega\assets\img\cyber-financial-logo.png
Arquivo excluído - C:\diego.seronato\ProjectBuilder\entrega\assets\img\download.png
Arquivo excluído - C:\diego.seronato\ProjectBuilder\entrega\assets\img\error.png
Arquivo excluído - C:\diego.seronato\ProjectBuilder\entrega\assets\img\logo-ppw.png
Arquivo excluído - C:\diego.seronato\ProjectBuilder\entrega\assets\img\logo.jpg
Arquivo excluído - C:\diego.seronato\ProjectBuilder\entrega\assets\img\logo.png
Arquivo excluído - C:\diego.seronato\ProjectBuilder\entrega\assets\img\logoCredit.png
Arquivo excluído - C:\diego.seronato\ProjectBuilder\entrega\assets\img\logoCyberBranch.jpg
Arquivo excluído - C:\diego.seronato\ProjectBuilder\entrega\assets\img\logoCyberCredit.jpg
Arquivo excluído - C:\diego.seronato\ProjectBuilder\entrega\assets\img\logoCyberSelfServe.jpg
Arquivo excluído - C:\diego.seronato\ProjectBuilder\entrega\assets\img\main-sprite.png
Arquivo excluído - C:\diego.seronato\ProjectBuilder\entrega\assets\img\main-sprite@2x.png
Arquivo excluído - C:\diego.seronato\ProjectBuilder\entrega\assets\img\warning.png
Arquivo excluído - C:\diego.seronato\ProjectBuilder\entrega\assets\img\yeoman.png
Arquivo excluído - C:\diego.seronato\ProjectBuilder\entrega\assets\locale\locale_en_US.json
Arquivo excluído - C:\diego.seronato\ProjectBuilder\entrega\assets\locale\locale_pt_BR.json
Arquivo excluído - C:\diego.seronato\ProjectBuilder\entrega\assets\locale\locale_sp_MX.json
Arquivo excluído - C:\diego.seronato\ProjectBuilder\entrega\assets\moreinfo\creditDetail.json
Arquivo excluído - C:\diego.seronato\ProjectBuilder\entrega\assets\moreinfo\enGBCreditDetail.json
Arquivo excluído - C:\diego.seronato\ProjectBuilder\entrega\assets\moreinfo\enUSCreditDetail.json
Arquivo excluído - C:\diego.seronato\ProjectBuilder\entrega\assets\moreinfo\ptBRCreditDetail.json
Arquivo excluído - C:\diego.seronato\ProjectBuilder\entrega\assets\moreinfo\spMXCreditDetail.json
Arquivo excluído - C:\diego.seronato\ProjectBuilder\entrega\assets\styles\main.css
Arquivo excluído - C:\diego.seronato\ProjectBuilder\entrega\assets\styles\style.css
Arquivo excluído - C:\diego.seronato\ProjectBuilder\entrega\assets\styles\i\main-sprite.png
07/01/2021 15:15:16,38 - CLEAR - FIM 
